==============================================================
Vitis HLS - High-Level Synthesis from C, C++ and OpenCL v2022.1 (64-bit)
Tool Version Limit: 2022.04
Copyright 1986-2022 Xilinx, Inc. All Rights Reserved.
==============================================================
INFO: [SYN 201-201] Setting up clock 'default' with a period of 10ns.
INFO: [HLS 200-1611] Setting target device to 'xc7z020-clg400-1'
INFO: [HLS 200-1505] Using flow_target 'vivado'
INFO: [HLS 200-1510] Running: set_part xc7z020clg400-1 
INFO: [HLS 200-1510] Running: create_clock -period 10 -name default 
INFO: [SYN 201-201] Setting up clock 'default' with a period of 10ns.
INFO: [HLS 200-1510] Running: csynth_design 
INFO: [HLS 200-111] Finished File checks and directory preparation: CPU user time: 0 seconds. CPU system time: 0.01 seconds. Elapsed time: 0.01 seconds; current allocated memory: 1.116 GB.
INFO: [HLS 200-10] Analyzing design file '../shared/Vitis-HLS-Introductory-Examples-2021.2/Interface/Streaming/using_axi_stream_with_side_channel_data/example.cpp' ... 
INFO: [HLS 200-111] Finished Source Code Analysis and Preprocessing: CPU user time: 4.52 seconds. CPU system time: 1.34 seconds. Elapsed time: 6.36 seconds; current allocated memory: 110.891 MB.
INFO: [HLS 200-777] Using interface defaults for 'Vivado' flow target.
INFO: [HLS 214-131] Inlining function '_llvm.fpga.unpack.none.s_struct.ap_int<32>s.i32' into 'example(hls::stream<hls::axis<ap_int<32>, 2ul, 5ul, 6ul>, 0>&, hls::stream<hls::axis<ap_int<32>, 2ul, 5ul, 6ul>, 0>&)' (/tools/Xilinx/Vitis_HLS/2022.1/common/technology/autopilot/ap_axi_sdata.h:283:5)
INFO: [HLS 214-131] Inlining function '_llvm.fpga.pack.none.i6.s_struct.ap_uint<6>s' into 'example(hls::stream<hls::axis<ap_int<32>, 2ul, 5ul, 6ul>, 0>&, hls::stream<hls::axis<ap_int<32>, 2ul, 5ul, 6ul>, 0>&)' (/tools/Xilinx/Vitis_HLS/2022.1/common/technology/autopilot/ap_axi_sdata.h:304:5)
INFO: [HLS 214-131] Inlining function '_llvm.fpga.pack.none.i5.s_struct.ap_uint<5>s' into 'example(hls::stream<hls::axis<ap_int<32>, 2ul, 5ul, 6ul>, 0>&, hls::stream<hls::axis<ap_int<32>, 2ul, 5ul, 6ul>, 0>&)' (/tools/Xilinx/Vitis_HLS/2022.1/common/technology/autopilot/ap_axi_sdata.h:304:5)
INFO: [HLS 214-131] Inlining function '_llvm.fpga.pack.none.i1.s_struct.ap_uint<1>s' into 'example(hls::stream<hls::axis<ap_int<32>, 2ul, 5ul, 6ul>, 0>&, hls::stream<hls::axis<ap_int<32>, 2ul, 5ul, 6ul>, 0>&)' (/tools/Xilinx/Vitis_HLS/2022.1/common/technology/autopilot/ap_axi_sdata.h:304:5)
INFO: [HLS 214-131] Inlining function '_llvm.fpga.pack.none.i2.s_struct.ap_uint<2>s' into 'example(hls::stream<hls::axis<ap_int<32>, 2ul, 5ul, 6ul>, 0>&, hls::stream<hls::axis<ap_int<32>, 2ul, 5ul, 6ul>, 0>&)' (/tools/Xilinx/Vitis_HLS/2022.1/common/technology/autopilot/ap_axi_sdata.h:304:5)
INFO: [HLS 214-131] Inlining function '_llvm.fpga.pack.none.i4.s_struct.ap_uint<4>s' into 'example(hls::stream<hls::axis<ap_int<32>, 2ul, 5ul, 6ul>, 0>&, hls::stream<hls::axis<ap_int<32>, 2ul, 5ul, 6ul>, 0>&)' (/tools/Xilinx/Vitis_HLS/2022.1/common/technology/autopilot/ap_axi_sdata.h:304:5)
INFO: [HLS 214-131] Inlining function '_llvm.fpga.pack.none.i32.s_struct.ap_int<32>s' into 'example(hls::stream<hls::axis<ap_int<32>, 2ul, 5ul, 6ul>, 0>&, hls::stream<hls::axis<ap_int<32>, 2ul, 5ul, 6ul>, 0>&)' (/tools/Xilinx/Vitis_HLS/2022.1/common/technology/autopilot/ap_axi_sdata.h:304:5)
INFO: [HLS 214-131] Inlining function '_llvm.fpga.unpack.none.s_struct.ap_uint<6>s.i6' into 'example(hls::stream<hls::axis<ap_int<32>, 2ul, 5ul, 6ul>, 0>&, hls::stream<hls::axis<ap_int<32>, 2ul, 5ul, 6ul>, 0>&)' (/tools/Xilinx/Vitis_HLS/2022.1/common/technology/autopilot/ap_axi_sdata.h:283:5)
INFO: [HLS 214-131] Inlining function '_llvm.fpga.unpack.none.s_struct.ap_uint<5>s.i5' into 'example(hls::stream<hls::axis<ap_int<32>, 2ul, 5ul, 6ul>, 0>&, hls::stream<hls::axis<ap_int<32>, 2ul, 5ul, 6ul>, 0>&)' (/tools/Xilinx/Vitis_HLS/2022.1/common/technology/autopilot/ap_axi_sdata.h:283:5)
INFO: [HLS 214-131] Inlining function '_llvm.fpga.unpack.none.s_struct.ap_uint<1>s.i1' into 'example(hls::stream<hls::axis<ap_int<32>, 2ul, 5ul, 6ul>, 0>&, hls::stream<hls::axis<ap_int<32>, 2ul, 5ul, 6ul>, 0>&)' (/tools/Xilinx/Vitis_HLS/2022.1/common/technology/autopilot/ap_axi_sdata.h:283:5)
INFO: [HLS 214-131] Inlining function '_llvm.fpga.unpack.none.s_struct.ap_uint<2>s.i2' into 'example(hls::stream<hls::axis<ap_int<32>, 2ul, 5ul, 6ul>, 0>&, hls::stream<hls::axis<ap_int<32>, 2ul, 5ul, 6ul>, 0>&)' (/tools/Xilinx/Vitis_HLS/2022.1/common/technology/autopilot/ap_axi_sdata.h:283:5)
INFO: [HLS 214-131] Inlining function '_llvm.fpga.unpack.none.s_struct.ap_uint<4>s.i4' into 'example(hls::stream<hls::axis<ap_int<32>, 2ul, 5ul, 6ul>, 0>&, hls::stream<hls::axis<ap_int<32>, 2ul, 5ul, 6ul>, 0>&)' (/tools/Xilinx/Vitis_HLS/2022.1/common/technology/autopilot/ap_axi_sdata.h:283:5)
INFO: [HLS 200-111] Finished Compiling Optimization and Transform: CPU user time: 4.04 seconds. CPU system time: 0.32 seconds. Elapsed time: 4.84 seconds; current allocated memory: 112.426 MB.
INFO: [HLS 200-111] Finished Checking Pragmas: CPU user time: 0 seconds. CPU system time: 0 seconds. Elapsed time: 0 seconds; current allocated memory: 112.426 MB.
INFO: [HLS 200-10] Starting code transformations ...
INFO: [HLS 200-111] Finished Standard Transforms: CPU user time: 0.04 seconds. CPU system time: 0.01 seconds. Elapsed time: 0.16 seconds; current allocated memory: 120.535 MB.
INFO: [HLS 200-10] Checking synthesizability ...
INFO: [HLS 200-111] Finished Checking Synthesizability: CPU user time: 0.09 seconds. CPU system time: 0 seconds. Elapsed time: 0.14 seconds; current allocated memory: 131.910 MB.
INFO: [XFORM 203-510] Pipelining loop 'VITIS_LOOP_29_1' (../shared/Vitis-HLS-Introductory-Examples-2021.2/Interface/Streaming/using_axi_stream_with_side_channel_data/example.cpp:29) in function 'example' automatically.
INFO: [HLS 200-111] Finished Loop, function and other optimizations: CPU user time: 0.13 seconds. CPU system time: 0.01 seconds. Elapsed time: 0.22 seconds; current allocated memory: 164.398 MB.
INFO: [HLS 200-111] Finished Architecture Synthesis: CPU user time: 0.06 seconds. CPU system time: 0 seconds. Elapsed time: 0.08 seconds; current allocated memory: 166.770 MB.
INFO: [HLS 200-10] Starting hardware synthesis ...
INFO: [HLS 200-10] Synthesizing 'example' ...
INFO: [HLS 200-10] ----------------------------------------------------------------
INFO: [HLS 200-42] -- Implementing module 'example' 
INFO: [HLS 200-10] ----------------------------------------------------------------
INFO: [SCHED 204-11] Starting scheduling ...
INFO: [SCHED 204-61] Pipelining loop 'VITIS_LOOP_29_1'.
INFO: [HLS 200-1470] Pipelining result : Target II = NA, Final II = 1, Depth = 2, loop 'VITIS_LOOP_29_1'
INFO: [SCHED 204-11] Finished scheduling.
INFO: [HLS 200-111] Finished Scheduling: CPU user time: 0.03 seconds. CPU system time: 0.02 seconds. Elapsed time: 0.12 seconds; current allocated memory: 166.770 MB.
INFO: [BIND 205-100] Starting micro-architecture generation ...
INFO: [BIND 205-101] Performing variable lifetime analysis.
INFO: [BIND 205-101] Exploring resource sharing.
INFO: [BIND 205-101] Binding ...
INFO: [BIND 205-100] Finished micro-architecture generation.
INFO: [HLS 200-111] Finished Binding: CPU user time: 0.01 seconds. CPU system time: 0 seconds. Elapsed time: 0.04 seconds; current allocated memory: 166.770 MB.
INFO: [HLS 200-10] ----------------------------------------------------------------
INFO: [HLS 200-10] -- Generating RTL for module 'example' 
INFO: [HLS 200-10] ----------------------------------------------------------------
WARNING: [RTGEN 206-101] Design contains AXI ports. Reset is fixed to synchronous and active low.
INFO: [RTGEN 206-500] Setting interface mode on port 'example/A_V_data_V' to 'axis' (register, both mode).
INFO: [RTGEN 206-500] Setting interface mode on port 'example/A_V_keep_V' to 'axis' (register, both mode).
INFO: [RTGEN 206-500] Setting interface mode on port 'example/A_V_strb_V' to 'axis' (register, both mode).
INFO: [RTGEN 206-500] Setting interface mode on port 'example/A_V_user_V' to 'axis' (register, both mode).
INFO: [RTGEN 206-500] Setting interface mode on port 'example/A_V_last_V' to 'axis' (register, both mode).
INFO: [RTGEN 206-500] Setting interface mode on port 'example/A_V_id_V' to 'axis' (register, both mode).
INFO: [RTGEN 206-500] Setting interface mode on port 'example/A_V_dest_V' to 'axis' (register, both mode).
==============================================================
Vitis HLS - High-Level Synthesis from C, C++ and OpenCL v2022.1 (64-bit)
Tool Version Limit: 2022.04
Copyright 1986-2022 Xilinx, Inc. All Rights Reserved.
==============================================================
==============================================================
Vitis HLS - High-Level Synthesis from C, C++ and OpenCL v2022.1 (64-bit)
Tool Version Limit: 2022.04
Copyright 1986-2022 Xilinx, Inc. All Rights Reserved.
==============================================================
==============================================================
Vitis HLS - High-Level Synthesis from C, C++ and OpenCL v2022.1 (64-bit)
Tool Version Limit: 2022.04
Copyright 1986-2022 Xilinx, Inc. All Rights Reserved.
==============================================================
==============================================================
Vitis HLS - High-Level Synthesis from C, C++ and OpenCL v2022.1 (64-bit)
Tool Version Limit: 2022.04
Copyright 1986-2022 Xilinx, Inc. All Rights Reserved.
==============================================================
==============================================================
Vitis HLS - High-Level Synthesis from C, C++ and OpenCL v2022.1 (64-bit)
Tool Version Limit: 2022.04
Copyright 1986-2022 Xilinx, Inc. All Rights Reserved.
==============================================================
INFO: [SYN 201-201] Setting up clock 'default' with a period of 10ns.
INFO: [HLS 200-1611] Setting target device to 'xc7z020-clg400-1'
INFO: [HLS 200-1505] Using flow_target 'vivado'
INFO: [HLS 200-1464] Running solution command: config_export -format=ip_catalog
INFO: [HLS 200-1464] Running solution command: config_export -rtl=verilog
INFO: [HLS 200-1510] Running: set_part xc7z020-clg400-1 
INFO: [HLS 200-1510] Running: create_clock -period 10 -name default 
INFO: [HLS 200-1510] Running: config_export -format ip_catalog -rtl verilog 
INFO: [HLS 200-1510] Running: source ./DMA_HLS/solution1/directives.tcl
INFO: [HLS 200-1510] Running: set_directive_top -name example example 
INFO: [HLS 200-1510] Running: csynth_design 
INFO: [HLS 200-111] Finished File checks and directory preparation: CPU user time: 0 seconds. CPU system time: 0.01 seconds. Elapsed time: 0.01 seconds; current allocated memory: 1.116 GB.
INFO: [HLS 200-10] Analyzing design file '../shared/Vitis-HLS-Introductory-Examples-2021.2/Interface/Streaming/using_axi_stream_with_side_channel_data/example.cpp' ... 
INFO: [HLS 200-111] Finished Source Code Analysis and Preprocessing: CPU user time: 4.76 seconds. CPU system time: 0.46 seconds. Elapsed time: 5.44 seconds; current allocated memory: 110.977 MB.
INFO: [HLS 200-777] Using interface defaults for 'Vivado' flow target.
INFO: [HLS 214-131] Inlining function '_llvm.fpga.unpack.none.s_struct.ap_int<32>s.i32' into 'example(hls::stream<hls::axis<ap_int<32>, 2ul, 5ul, 6ul>, 0>&, hls::stream<hls::axis<ap_int<32>, 2ul, 5ul, 6ul>, 0>&)' (/tools/Xilinx/Vitis_HLS/2022.1/common/technology/autopilot/ap_axi_sdata.h:283:5)
INFO: [HLS 214-131] Inlining function '_llvm.fpga.pack.none.i6.s_struct.ap_uint<6>s' into 'example(hls::stream<hls::axis<ap_int<32>, 2ul, 5ul, 6ul>, 0>&, hls::stream<hls::axis<ap_int<32>, 2ul, 5ul, 6ul>, 0>&)' (/tools/Xilinx/Vitis_HLS/2022.1/common/technology/autopilot/ap_axi_sdata.h:304:5)
INFO: [HLS 214-131] Inlining function '_llvm.fpga.pack.none.i5.s_struct.ap_uint<5>s' into 'example(hls::stream<hls::axis<ap_int<32>, 2ul, 5ul, 6ul>, 0>&, hls::stream<hls::axis<ap_int<32>, 2ul, 5ul, 6ul>, 0>&)' (/tools/Xilinx/Vitis_HLS/2022.1/common/technology/autopilot/ap_axi_sdata.h:304:5)
INFO: [HLS 214-131] Inlining function '_llvm.fpga.pack.none.i1.s_struct.ap_uint<1>s' into 'example(hls::stream<hls::axis<ap_int<32>, 2ul, 5ul, 6ul>, 0>&, hls::stream<hls::axis<ap_int<32>, 2ul, 5ul, 6ul>, 0>&)' (/tools/Xilinx/Vitis_HLS/2022.1/common/technology/autopilot/ap_axi_sdata.h:304:5)
INFO: [HLS 214-131] Inlining function '_llvm.fpga.pack.none.i2.s_struct.ap_uint<2>s' into 'example(hls::stream<hls::axis<ap_int<32>, 2ul, 5ul, 6ul>, 0>&, hls::stream<hls::axis<ap_int<32>, 2ul, 5ul, 6ul>, 0>&)' (/tools/Xilinx/Vitis_HLS/2022.1/common/technology/autopilot/ap_axi_sdata.h:304:5)
INFO: [HLS 214-131] Inlining function '_llvm.fpga.pack.none.i4.s_struct.ap_uint<4>s' into 'example(hls::stream<hls::axis<ap_int<32>, 2ul, 5ul, 6ul>, 0>&, hls::stream<hls::axis<ap_int<32>, 2ul, 5ul, 6ul>, 0>&)' (/tools/Xilinx/Vitis_HLS/2022.1/common/technology/autopilot/ap_axi_sdata.h:304:5)
INFO: [HLS 214-131] Inlining function '_llvm.fpga.pack.none.i32.s_struct.ap_int<32>s' into 'example(hls::stream<hls::axis<ap_int<32>, 2ul, 5ul, 6ul>, 0>&, hls::stream<hls::axis<ap_int<32>, 2ul, 5ul, 6ul>, 0>&)' (/tools/Xilinx/Vitis_HLS/2022.1/common/technology/autopilot/ap_axi_sdata.h:304:5)
INFO: [HLS 214-131] Inlining function '_llvm.fpga.unpack.none.s_struct.ap_uint<6>s.i6' into 'example(hls::stream<hls::axis<ap_int<32>, 2ul, 5ul, 6ul>, 0>&, hls::stream<hls::axis<ap_int<32>, 2ul, 5ul, 6ul>, 0>&)' (/tools/Xilinx/Vitis_HLS/2022.1/common/technology/autopilot/ap_axi_sdata.h:283:5)
INFO: [HLS 214-131] Inlining function '_llvm.fpga.unpack.none.s_struct.ap_uint<5>s.i5' into 'example(hls::stream<hls::axis<ap_int<32>, 2ul, 5ul, 6ul>, 0>&, hls::stream<hls::axis<ap_int<32>, 2ul, 5ul, 6ul>, 0>&)' (/tools/Xilinx/Vitis_HLS/2022.1/common/technology/autopilot/ap_axi_sdata.h:283:5)
INFO: [HLS 214-131] Inlining function '_llvm.fpga.unpack.none.s_struct.ap_uint<1>s.i1' into 'example(hls::stream<hls::axis<ap_int<32>, 2ul, 5ul, 6ul>, 0>&, hls::stream<hls::axis<ap_int<32>, 2ul, 5ul, 6ul>, 0>&)' (/tools/Xilinx/Vitis_HLS/2022.1/common/technology/autopilot/ap_axi_sdata.h:283:5)
INFO: [HLS 214-131] Inlining function '_llvm.fpga.unpack.none.s_struct.ap_uint<2>s.i2' into 'example(hls::stream<hls::axis<ap_int<32>, 2ul, 5ul, 6ul>, 0>&, hls::stream<hls::axis<ap_int<32>, 2ul, 5ul, 6ul>, 0>&)' (/tools/Xilinx/Vitis_HLS/2022.1/common/technology/autopilot/ap_axi_sdata.h:283:5)
INFO: [HLS 214-131] Inlining function '_llvm.fpga.unpack.none.s_struct.ap_uint<4>s.i4' into 'example(hls::stream<hls::axis<ap_int<32>, 2ul, 5ul, 6ul>, 0>&, hls::stream<hls::axis<ap_int<32>, 2ul, 5ul, 6ul>, 0>&)' (/tools/Xilinx/Vitis_HLS/2022.1/common/technology/autopilot/ap_axi_sdata.h:283:5)
INFO: [HLS 200-111] Finished Compiling Optimization and Transform: CPU user time: 3.96 seconds. CPU system time: 0.32 seconds. Elapsed time: 4.46 seconds; current allocated memory: 112.637 MB.
INFO: [HLS 200-111] Finished Checking Pragmas: CPU user time: 0 seconds. CPU system time: 0 seconds. Elapsed time: 0 seconds; current allocated memory: 112.637 MB.
INFO: [HLS 200-10] Starting code transformations ...
INFO: [HLS 200-111] Finished Standard Transforms: CPU user time: 0.05 seconds. CPU system time: 0.01 seconds. Elapsed time: 0.14 seconds; current allocated memory: 120.434 MB.
INFO: [HLS 200-10] Checking synthesizability ...
INFO: [HLS 200-111] Finished Checking Synthesizability: CPU user time: 0.1 seconds. CPU system time: 0.01 seconds. Elapsed time: 0.13 seconds; current allocated memory: 132.137 MB.
INFO: [XFORM 203-510] Pipelining loop 'VITIS_LOOP_28_1' (../shared/Vitis-HLS-Introductory-Examples-2021.2/Interface/Streaming/using_axi_stream_with_side_channel_data/example.cpp:28) in function 'example' automatically.
INFO: [HLS 200-111] Finished Loop, function and other optimizations: CPU user time: 0.14 seconds. CPU system time: 0 seconds. Elapsed time: 0.14 seconds; current allocated memory: 164.309 MB.
INFO: [HLS 200-111] Finished Architecture Synthesis: CPU user time: 0.08 seconds. CPU system time: 0 seconds. Elapsed time: 0.09 seconds; current allocated memory: 167.027 MB.
INFO: [HLS 200-10] Starting hardware synthesis ...
INFO: [HLS 200-10] Synthesizing 'example' ...
INFO: [HLS 200-10] ----------------------------------------------------------------
INFO: [HLS 200-42] -- Implementing module 'example' 
INFO: [HLS 200-10] ----------------------------------------------------------------
INFO: [SCHED 204-11] Starting scheduling ...
INFO: [SCHED 204-61] Pipelining loop 'VITIS_LOOP_28_1'.
INFO: [HLS 200-1470] Pipelining result : Target II = NA, Final II = 1, Depth = 2, loop 'VITIS_LOOP_28_1'
INFO: [SCHED 204-11] Finished scheduling.
INFO: [HLS 200-111] Finished Scheduling: CPU user time: 0.05 seconds. CPU system time: 0.01 seconds. Elapsed time: 0.1 seconds; current allocated memory: 167.027 MB.
INFO: [BIND 205-100] Starting micro-architecture generation ...
INFO: [BIND 205-101] Performing variable lifetime analysis.
INFO: [BIND 205-101] Exploring resource sharing.
INFO: [BIND 205-101] Binding ...
INFO: [BIND 205-100] Finished micro-architecture generation.
INFO: [HLS 200-111] Finished Binding: CPU user time: 0.01 seconds. CPU system time: 0.01 seconds. Elapsed time: 0.03 seconds; current allocated memory: 167.027 MB.
INFO: [HLS 200-10] ----------------------------------------------------------------
INFO: [HLS 200-10] -- Generating RTL for module 'example' 
INFO: [HLS 200-10] ----------------------------------------------------------------
WARNING: [RTGEN 206-101] Design contains AXI ports. Reset is fixed to synchronous and active low.
INFO: [RTGEN 206-500] Setting interface mode on port 'example/A_V_data_V' to 'axis' (register, both mode).
INFO: [RTGEN 206-500] Setting interface mode on port 'example/A_V_keep_V' to 'axis' (register, both mode).
INFO: [RTGEN 206-500] Setting interface mode on port 'example/A_V_strb_V' to 'axis' (register, both mode).
INFO: [RTGEN 206-500] Setting interface mode on port 'example/A_V_user_V' to 'axis' (register, both mode).
INFO==============================================================
Vitis HLS - High-Level Synthesis from C, C++ and OpenCL v2022.1 (64-bit)
Tool Version Limit: 2022.04
Copyright 1986-2022 Xilinx, Inc. All Rights Reserved.
==============================================================
==============================================================
Vitis HLS - High-Level Synthesis from C, C++ and OpenCL v2022.1 (64-bit)
Tool Version Limit: 2022.04
Copyright 1986-2022 Xilinx, Inc. All Rights Reserved.
==============================================================
INFO: [SYN 201-201] Setting up clock 'default' with a period of 10ns.
INFO: [HLS 200-1611] Setting target device to 'xc7z020-clg400-1'
INFO: [HLS 200-1505] Using flow_target 'vivado'
INFO: [HLS 200-1464] Running solution command: config_export -format=ip_catalog
INFO: [HLS 200-1464] Running solution command: config_export -rtl=verilog
INFO: [HLS 200-1510] Running: set_part xc7z020-clg400-1 
INFO: [HLS 200-1510] Running: create_clock -period 10 -name default 
INFO: [HLS 200-1510] Running: config_export -format ip_catalog -rtl verilog 
INFO: [HLS 200-1510] Running: source ./DMA_HLS/solution1/directives.tcl
INFO: [HLS 200-1510] Running: set_directive_top -name example example 
INFO: [HLS 200-1510] Running: csynth_design 
INFO: [HLS 200-111] Finished File checks and directory preparation: CPU user time: 0.01 seconds. CPU system time: 0 seconds. Elapsed time: 0 seconds; current allocated memory: 1.119 GB.
INFO: [HLS 200-10] Analyzing design file '../shared/Vitis-HLS-Introductory-Examples-2021.2/Interface/Streaming/using_axi_stream_with_side_channel_data/example.cpp' ... 
INFO: [HLS 200-111] Finished Source Code Analysis and Preprocessing: CPU user time: 7.72 seconds. CPU system time: 0.68 seconds. Elapsed time: 11.32 seconds; current allocated memory: 111.777 MB.
INFO: [HLS 200-777] Using interface defaults for 'Vivado' flow target.
INFO: [HLS 214-131] Inlining function '_llvm.fpga.unpack.none.s_struct.ap_int<32>s.i32' into 'example(hls::stream<hls::axis<ap_int<32>, 2ul, 5ul, 6ul>, 0>&, hls::stream<hls::axis<ap_int<32>, 2ul, 5ul, 6ul>, 0>&)' (/tools/Xilinx/Vitis_HLS/2022.1/common/technology/autopilot/ap_axi_sdata.h:283:5)
INFO: [HLS 214-131] Inlining function '_llvm.fpga.pack.none.i6.s_struct.ap_uint<6>s' into 'example(hls::stream<hls::axis<ap_int<32>, 2ul, 5ul, 6ul>, 0>&, hls::stream<hls::axis<ap_int<32>, 2ul, 5ul, 6ul>, 0>&)' (/tools/Xilinx/Vitis_HLS/2022.1/common/technology/autopilot/ap_axi_sdata.h:304:5)
INFO: [HLS 214-131] Inlining function '_llvm.fpga.pack.none.i5.s_struct.ap_uint<5>s' into 'example(hls::stream<hls::axis<ap_int<32>, 2ul, 5ul, 6ul>, 0>&, hls::stream<hls::axis<ap_int<32>, 2ul, 5ul, 6ul>, 0>&)' (/tools/Xilinx/Vitis_HLS/2022.1/common/technology/autopilot/ap_axi_sdata.h:304:5)
INFO: [HLS 214-131] Inlining function '_llvm.fpga.pack.none.i1.s_struct.ap_uint<1>s' into 'example(hls::stream<hls::axis<ap_int<32>, 2ul, 5ul, 6ul>, 0>&, hls::stream<hls::axis<ap_int<32>, 2ul, 5ul, 6ul>, 0>&)' (/tools/Xilinx/Vitis_HLS/2022.1/common/technology/autopilot/ap_axi_sdata.h:304:5)
INFO: [HLS 214-131] Inlining function '_llvm.fpga.pack.none.i2.s_struct.ap_uint<2>s' into 'example(hls::stream<hls::axis<ap_int<32>, 2ul, 5ul, 6ul>, 0>&, hls::stream<hls::axis<ap_int<32>, 2ul, 5ul, 6ul>, 0>&)' (/tools/Xilinx/Vitis_HLS/2022.1/common/technology/autopilot/ap_axi_sdata.h:304:5)
INFO: [HLS 214-131] Inlining function '_llvm.fpga.pack.none.i4.s_struct.ap_uint<4>s' into 'example(hls::stream<hls::axis<ap_int<32>, 2ul, 5ul, 6ul>, 0>&, hls::stream<hls::axis<ap_int<32>, 2ul, 5ul, 6ul>, 0>&)' (/tools/Xilinx/Vitis_HLS/2022.1/common/technology/autopilot/ap_axi_sdata.h:304:5)
INFO: [HLS 214-131] Inlining function '_llvm.fpga.pack.none.i32.s_struct.ap_int<32>s' into 'example(hls::stream<hls::axis<ap_int<32>, 2ul, 5ul, 6ul>, 0>&, hls::stream<hls::axis<ap_int<32>, 2ul, 5ul, 6ul>, 0>&)' (/tools/Xilinx/Vitis_HLS/2022.1/common/technology/autopilot/ap_axi_sdata.h:304:5)
INFO: [HLS 214-131] Inlining function '_llvm.fpga.unpack.none.s_struct.ap_uint<6>s.i6' into 'example(hls::stream<hls::axis<ap_int<32>, 2ul, 5ul, 6ul>, 0>&, hls::stream<hls::axis<ap_int<32>, 2ul, 5ul, 6ul>, 0>&)' (/tools/Xilinx/Vitis_HLS/2022.1/common/technology/autopilot/ap_axi_sdata.h:283:5)
INFO: [HLS 214-131] Inlining function '_llvm.fpga.unpack.none.s_struct.ap_uint<5>s.i5' into 'example(hls::stream<hls::axis<ap_int<32>, 2ul, 5ul, 6ul>, 0>&, hls::stream<hls::axis<ap_int<32>, 2ul, 5ul, 6ul>, 0>&)' (/tools/Xilinx/Vitis_HLS/2022.1/common/technology/autopilot/ap_axi_sdata.h:283:5)
INFO: [HLS 214-131] Inlining function '_llvm.fpga.unpack.none.s_struct.ap_uint<1>s.i1' into 'example(hls::stream<hls::axis<ap_int<32>, 2ul, 5ul, 6ul>, 0>&, hls::stream<hls::axis<ap_int<32>, 2ul, 5ul, 6ul>, 0>&)' (/tools/Xilinx/Vitis_HLS/2022.1/common/technology/autopilot/ap_axi_sdata.h:283:5)
INFO: [HLS 214-131] Inlining function '_llvm.fpga.unpack.none.s_struct.ap_uint<2>s.i2' into 'example(hls::stream<hls::axis<ap_int<32>, 2ul, 5ul, 6ul>, 0>&, hls::stream<hls::axis<ap_int<32>, 2ul, 5ul, 6ul>, 0>&)' (/tools/Xilinx/Vitis_HLS/2022.1/common/technology/autopilot/ap_axi_sdata.h:283:5)
INFO: [HLS 214-131] Inlining function '_llvm.fpga.unpack.none.s_struct.ap_uint<4>s.i4' into 'example(hls::stream<hls::axis<ap_int<32>, 2ul, 5ul, 6ul>, 0>&, hls::stream<hls::axis<ap_int<32>, 2ul, 5ul, 6ul>, 0>&)' (/tools/Xilinx/Vitis_HLS/2022.1/common/technology/autopilot/ap_axi_sdata.h:283:5)
INFO: [HLS 200-111] Finished Compiling Optimization and Transform: CPU user time: 5.67 seconds. CPU system time: 0.39 seconds. Elapsed time: 8.59 seconds; current allocated memory: 112.254 MB.
INFO: [HLS 200-111] Finished Checking Pragmas: CPU user time: 0 seconds. CPU system time: 0 seconds. Elapsed time: 0 seconds; current allocated memory: 112.254 MB.
INFO: [HLS 200-10] Starting code transformations ...
INFO: [HLS 200-111] Finished Standard Transforms: CPU user time: 0.03 seconds. CPU system time: 0.02 seconds. Elapsed time: 0.2 seconds; current allocated memory: 120.344 MB.
INFO: [HLS 200-10] Checking synthesizability ...
INFO: [HLS 200-111] Finished Checking Synthesizability: CPU user time: 0.09 seconds. CPU system time: 0.01 seconds. Elapsed time: 0.23 seconds; current allocated memory: 131.738 MB.
INFO: [XFORM 203-510] Pipelining loop 'VITIS_LOOP_29_1' (../shared/Vitis-HLS-Introductory-Examples-2021.2/Interface/Streaming/using_axi_stream_with_side_channel_data/example.cpp:29) in function 'example' automatically.
INFO: [HLS 200-111] Finished Loop, function and other optimizations: CPU user time: 0.19 seconds. CPU system time: 0.03 seconds. Elapsed time: 0.31 seconds; current allocated memory: 164.160 MB.
INFO: [HLS 200-111] Finished Architecture Synthesis: CPU user time: 0.1 seconds. CPU system time: 0 seconds. Elapsed time: 0.15 seconds; current allocated memory: 166.613 MB.
INFO: [HLS 200-10] Starting hardware synthesis ...
INFO: [HLS 200-10] Synthesizing 'example' ...
INFO: [HLS 200-10] ----------------------------------------------------------------
INFO: [HLS 200-42] -- Implementing module 'example' 
INFO: [HLS 200-10] ----------------------------------------------------------------
INFO: [SCHED 204-11] Starting scheduling ...
INFO: [SCHED 204-61] Pipelining loop 'VITIS_LOOP_29_1'.
INFO: [HLS 200-1470] Pipelining result : Target II = NA, Final II = 1, Depth = 2, loop 'VITIS_LOOP_29_1'
INFO: [SCHED 204-11] Finished scheduling.
INFO: [HLS 200-111] Finished Scheduling: CPU user time: 0.05 seconds. CPU system time: 0 seconds. Elapsed time: 0.2 seconds; current allocated memory: 166.613 MB.
INFO: [BIND 205-100] Starting micro-architecture generation ...
INFO: [BIND 205-101] Performing variable lifetime analysis.
INFO: [BIND 205-101] Exploring resource sharing.
INFO: [BIND 205-101] Binding ...
INFO: [BIND 205-100] Finished micro-architecture generation.
INFO: [HLS 200-111] Finished Binding: CPU user time: 0.02 seconds. CPU system time: 0.01 seconds. Elapsed time: 0.06 seconds; current allocated memory: 166.613 MB.
INFO: [HLS 200-10] ----------------------------------------------------------------
INFO: [HLS 200-10] -- Generating RTL for module 'example' 
INFO: [HLS 200-10] ----------------------------------------------------------------
WARNING: [RTGEN 206-101] Design contains AXI ports. Reset is fixed to synchronous and active low.
INFO: [RTGEN 206-500] Setting interface mode on port 'example/A_V_data_V' to 'axis' (register, both mode).
INFO: [RTGEN 206-500] Setting interface mode on port 'example/A_V_keep_V' to 'axis' (register, both mode).
INFO: [RTGEN 206-500] Setting interface mode on port 'example/A_V_strb_V' to 'axis' (register, both mode).
INFO: [RTGEN 206-500] Setting interface mode on port 'example/A_V_user_V' to 'axis' (register, both mode).
INFO: ==============================================================
Vitis HLS - High-Level Synthesis from C, C++ and OpenCL v2022.1 (64-bit)
Tool Version Limit: 2022.04
Copyright 1986-2022 Xilinx, Inc. All Rights Reserved.
==============================================================
==============================================================
Vitis HLS - High-Level Synthesis from C, C++ and OpenCL v2022.1 (64-bit)
Tool Version Limit: 2022.04
Copyright 1986-2022 Xilinx, Inc. All Rights Reserved.
==============================================================
INFO: [SYN 201-201] Setting up clock 'default' with a period of 10ns.
INFO: [HLS 200-1611] Setting target device to 'xc7z020-clg400-1'
INFO: [HLS 200-1505] Using flow_target 'vivado'
INFO: [HLS 200-1464] Running solution command: config_export -format=ip_catalog
INFO: [HLS 200-1464] Running solution command: config_export -rtl=verilog
INFO: [HLS 200-1510] Running: set_part xc7z020-clg400-1 
INFO: [HLS 200-1510] Running: create_clock -period 10 -name default 
INFO: [HLS 200-1510] Running: config_export -format ip_catalog -rtl verilog 
INFO: [HLS 200-1510] Running: source ./DMA_HLS/solution1/directives.tcl
INFO: [HLS 200-1510] Running: set_directive_top -name example example 
INFO: [HLS 200-1510] Running: csynth_design 
INFO: [HLS 200-111] Finished File checks and directory preparation: CPU user time: 0.01 seconds. CPU system time: 0.01 seconds. Elapsed time: 0.01 seconds; current allocated memory: 1.119 GB.
INFO: [HLS 200-10] Analyzing design file '../shared/Vitis-HLS-Introductory-Examples-2021.2/Interface/Streaming/using_axi_stream_with_side_channel_data/example.cpp' ... 
INFO: [HLS 200-111] Finished Source Code Analysis and Preprocessing: CPU user time: 4.8 seconds. CPU system time: 0.47 seconds. Elapsed time: 5.64 seconds; current allocated memory: 111.777 MB.
INFO: [HLS 200-777] Using interface defaults for 'Vivado' flow target.
INFO: [HLS 214-131] Inlining function '_llvm.fpga.unpack.none.s_struct.ap_int<32>s.i32' into 'example(hls::stream<hls::axis<ap_int<32>, 2ul, 5ul, 6ul>, 0>&, hls::stream<hls::axis<ap_int<32>, 2ul, 5ul, 6ul>, 0>&)' (/tools/Xilinx/Vitis_HLS/2022.1/common/technology/autopilot/ap_axi_sdata.h:283:5)
INFO: [HLS 214-131] Inlining function '_llvm.fpga.pack.none.i6.s_struct.ap_uint<6>s' into 'example(hls::stream<hls::axis<ap_int<32>, 2ul, 5ul, 6ul>, 0>&, hls::stream<hls::axis<ap_int<32>, 2ul, 5ul, 6ul>, 0>&)' (/tools/Xilinx/Vitis_HLS/2022.1/common/technology/autopilot/ap_axi_sdata.h:304:5)
INFO: [HLS 214-131] Inlining function '_llvm.fpga.pack.none.i5.s_struct.ap_uint<5>s' into 'example(hls::stream<hls::axis<ap_int<32>, 2ul, 5ul, 6ul>, 0>&, hls::stream<hls::axis<ap_int<32>, 2ul, 5ul, 6ul>, 0>&)' (/tools/Xilinx/Vitis_HLS/2022.1/common/technology/autopilot/ap_axi_sdata.h:304:5)
INFO: [HLS 214-131] Inlining function '_llvm.fpga.pack.none.i1.s_struct.ap_uint<1>s' into 'example(hls::stream<hls::axis<ap_int<32>, 2ul, 5ul, 6ul>, 0>&, hls::stream<hls::axis<ap_int<32>, 2ul, 5ul, 6ul>, 0>&)' (/tools/Xilinx/Vitis_HLS/2022.1/common/technology/autopilot/ap_axi_sdata.h:304:5)
INFO: [HLS 214-131] Inlining function '_llvm.fpga.pack.none.i2.s_struct.ap_uint<2>s' into 'example(hls::stream<hls::axis<ap_int<32>, 2ul, 5ul, 6ul>, 0>&, hls::stream<hls::axis<ap_int<32>, 2ul, 5ul, 6ul>, 0>&)' (/tools/Xilinx/Vitis_HLS/2022.1/common/technology/autopilot/ap_axi_sdata.h:304:5)
INFO: [HLS 214-131] Inlining function '_llvm.fpga.pack.none.i4.s_struct.ap_uint<4>s' into 'example(hls::stream<hls::axis<ap_int<32>, 2ul, 5ul, 6ul>, 0>&, hls::stream<hls::axis<ap_int<32>, 2ul, 5ul, 6ul>, 0>&)' (/tools/Xilinx/Vitis_HLS/2022.1/common/technology/autopilot/ap_axi_sdata.h:304:5)
INFO: [HLS 214-131] Inlining function '_llvm.fpga.pack.none.i32.s_struct.ap_int<32>s' into 'example(hls::stream<hls::axis<ap_int<32>, 2ul, 5ul, 6ul>, 0>&, hls::stream<hls::axis<ap_int<32>, 2ul, 5ul, 6ul>, 0>&)' (/tools/Xilinx/Vitis_HLS/2022.1/common/technology/autopilot/ap_axi_sdata.h:304:5)
INFO: [HLS 214-131] Inlining function '_llvm.fpga.unpack.none.s_struct.ap_uint<6>s.i6' into 'example(hls::stream<hls::axis<ap_int<32>, 2ul, 5ul, 6ul>, 0>&, hls::stream<hls::axis<ap_int<32>, 2ul, 5ul, 6ul>, 0>&)' (/tools/Xilinx/Vitis_HLS/2022.1/common/technology/autopilot/ap_axi_sdata.h:283:5)
INFO: [HLS 214-131] Inlining function '_llvm.fpga.unpack.none.s_struct.ap_uint<5>s.i5' into 'example(hls::stream<hls::axis<ap_int<32>, 2ul, 5ul, 6ul>, 0>&, hls::stream<hls::axis<ap_int<32>, 2ul, 5ul, 6ul>, 0>&)' (/tools/Xilinx/Vitis_HLS/2022.1/common/technology/autopilot/ap_axi_sdata.h:283:5)
INFO: [HLS 214-131] Inlining function '_llvm.fpga.unpack.none.s_struct.ap_uint<1>s.i1' into 'example(hls::stream<hls::axis<ap_int<32>, 2ul, 5ul, 6ul>, 0>&, hls::stream<hls::axis<ap_int<32>, 2ul, 5ul, 6ul>, 0>&)' (/tools/Xilinx/Vitis_HLS/2022.1/common/technology/autopilot/ap_axi_sdata.h:283:5)
INFO: [HLS 214-131] Inlining function '_llvm.fpga.unpack.none.s_struct.ap_uint<2>s.i2' into 'example(hls::stream<hls::axis<ap_int<32>, 2ul, 5ul, 6ul>, 0>&, hls::stream<hls::axis<ap_int<32>, 2ul, 5ul, 6ul>, 0>&)' (/tools/Xilinx/Vitis_HLS/2022.1/common/technology/autopilot/ap_axi_sdata.h:283:5)
INFO: [HLS 214-131] Inlining function '_llvm.fpga.unpack.none.s_struct.ap_uint<4>s.i4' into 'example(hls::stream<hls::axis<ap_int<32>, 2ul, 5ul, 6ul>, 0>&, hls::stream<hls::axis<ap_int<32>, 2ul, 5ul, 6ul>, 0>&)' (/tools/Xilinx/Vitis_HLS/2022.1/common/technology/autopilot/ap_axi_sdata.h:283:5)
INFO: [HLS 200-111] Finished Compiling Optimization and Transform: CPU user time: 3.81 seconds. CPU system time: 0.28 seconds. Elapsed time: 4.39 seconds; current allocated memory: 112.254 MB.
INFO: [HLS 200-111] Finished Checking Pragmas: CPU user time: 0 seconds. CPU system time: 0 seconds. Elapsed time: 0 seconds; current allocated memory: 112.254 MB.
INFO: [HLS 200-10] Starting code transformations ...
INFO: [HLS 200-111] Finished Standard Transforms: CPU user time: 0.04 seconds. CPU system time: 0 seconds. Elapsed time: 0.13 seconds; current allocated memory: 120.383 MB.
INFO: [HLS 200-10] Checking synthesizability ...
INFO: [HLS 200-111] Finished Checking Synthesizability: CPU user time: 0.1 seconds. CPU system time: 0.01 seconds. Elapsed time: 0.19 seconds; current allocated memory: 131.777 MB.
INFO: [XFORM 203-510] Pipelining loop 'VITIS_LOOP_29_1' (../shared/Vitis-HLS-Introductory-Examples-2021.2/Interface/Streaming/using_axi_stream_with_side_channel_data/example.cpp:29) in function 'example' automatically.
INFO: [HLS 200-111] Finished Loop, function and other optimizations: CPU user time: 0.12 seconds. CPU system time: 0.02 seconds. Elapsed time: 0.23 seconds; current allocated memory: 164.164 MB.
INFO: [HLS 200-111] Finished Architecture Synthesis: CPU user time: 0.07 seconds. CPU system time: 0.01 seconds. Elapsed time: 0.08 seconds; current allocated memory: 166.730 MB.
INFO: [HLS 200-10] Starting hardware synthesis ...
INFO: [HLS 200-10] Synthesizing 'example' ...
INFO: [HLS 200-10] ----------------------------------------------------------------
INFO: [HLS 200-42] -- Implementing module 'example' 
INFO: [HLS 200-10] ----------------------------------------------------------------
INFO: [SCHED 204-11] Starting scheduling ...
INFO: [SCHED 204-61] Pipelining loop 'VITIS_LOOP_29_1'.
INFO: [HLS 200-1470] Pipelining result : Target II = NA, Final II = 1, Depth = 2, loop 'VITIS_LOOP_29_1'
INFO: [SCHED 204-11] Finished scheduling.
INFO: [HLS 200-111] Finished Scheduling: CPU user time: 0.03 seconds. CPU system time: 0.01 seconds. Elapsed time: 0.1 seconds; current allocated memory: 166.730 MB.
INFO: [BIND 205-100] Starting micro-architecture generation ...
INFO: [BIND 205-101] Performing variable lifetime analysis.
INFO: [BIND 205-101] Exploring resource sharing.
INFO: [BIND 205-101] Binding ...
INFO: [BIND 205-100] Finished micro-architecture generation.
INFO: [HLS 200-111] Finished Binding: CPU user time: 0.02 seconds. CPU system time: 0.01 seconds. Elapsed time: 0.1 seconds; current allocated memory: 166.730 MB.
INFO: [HLS 200-10] ----------------------------------------------------------------
INFO: [HLS 200-10] -- Generating RTL for module 'example' 
INFO: [HLS 200-10] ----------------------------------------------------------------
WARNING: [RTGEN 206-101] Design contains AXI ports. Reset is fixed to synchronous and active low.
INFO: [RTGEN 206-500] Setting interface mode on port 'example/A_V_data_V' to 'axis' (register, both mode).
INFO: [RTGEN 206-500] Setting interface mode on port 'example/A_V_keep_V' to 'axis' (register, both mode).
INFO: [RTGEN 206-500] Setting interface mode on port 'example/A_V_strb_V' to 'axis' (register, both mode).
INFO: [RTGEN 206-500] Setting interface mode on port 'example/A_V_user_V' to 'axis' (register, both mode).
==============================================================
Vitis HLS - High-Level Synthesis from C, C++ and OpenCL v2022.1 (64-bit)
Tool Version Limit: 2022.04
Copyright 1986-2022 Xilinx, Inc. All Rights Reserved.
==============================================================
==============================================================
Vitis HLS - High-Level Synthesis from C, C++ and OpenCL v2022.1 (64-bit)
Tool Version Limit: 2022.04
Copyright 1986-2022 Xilinx, Inc. All Rights Reserved.
==============================================================
INFO: [SYN 201-201] Setting up clock 'default' with a period of 10ns.
INFO: [HLS 200-1611] Setting target device to 'xc7z020-clg400-1'
INFO: [HLS 200-1505] Using flow_target 'vivado'
INFO: [HLS 200-1464] Running solution command: config_export -format=ip_catalog
INFO: [HLS 200-1464] Running solution command: config_export -rtl=verilog
INFO: [HLS 200-1510] Running: set_part xc7z020-clg400-1 
INFO: [HLS 200-1510] Running: create_clock -period 10 -name default 
INFO: [HLS 200-1510] Running: config_export -format ip_catalog -rtl verilog 
INFO: [HLS 200-1510] Running: source ./DMA_HLS/solution1/directives.tcl
INFO: [HLS 200-1510] Running: set_directive_top -name example example 
INFO: [HLS 200-1510] Running: csynth_design 
INFO: [HLS 200-111] Finished File checks and directory preparation: CPU user time: 0 seconds. CPU system time: 0.01 seconds. Elapsed time: 0.02 seconds; current allocated memory: 628.605 MB.
INFO: [HLS 200-10] Analyzing design file '../shared/Vitis-HLS-Introductory-Examples-2021.2/Interface/Streaming/using_axi_stream_with_side_channel_data/example.cpp' ... 
INFO: [HLS 200-111] Finished Source Code Analysis and Preprocessing: CPU user time: 4.56 seconds. CPU system time: 1.65 seconds. Elapsed time: 6.75 seconds; current allocated memory: 111.777 MB.
INFO: [HLS 200-777] Using interface defaults for 'Vivado' flow target.
INFO: [HLS 214-131] Inlining function '_llvm.fpga.unpack.none.s_struct.ap_int<8>s.i8' into 'example(hls::stream<hls::axis<ap_int<8>, 2ul, 5ul, 6ul>, 0>&, hls::stream<hls::axis<ap_int<8>, 2ul, 5ul, 6ul>, 0>&)' (/tools/Xilinx/Vitis_HLS/2022.1/common/technology/autopilot/ap_axi_sdata.h:283:5)
INFO: [HLS 214-131] Inlining function '_llvm.fpga.pack.none.i6.s_struct.ap_uint<6>s' into 'example(hls::stream<hls::axis<ap_int<8>, 2ul, 5ul, 6ul>, 0>&, hls::stream<hls::axis<ap_int<8>, 2ul, 5ul, 6ul>, 0>&)' (/tools/Xilinx/Vitis_HLS/2022.1/common/technology/autopilot/ap_axi_sdata.h:304:5)
INFO: [HLS 214-131] Inlining function '_llvm.fpga.pack.none.i5.s_struct.ap_uint<5>s' into 'example(hls::stream<hls::axis<ap_int<8>, 2ul, 5ul, 6ul>, 0>&, hls::stream<hls::axis<ap_int<8>, 2ul, 5ul, 6ul>, 0>&)' (/tools/Xilinx/Vitis_HLS/2022.1/common/technology/autopilot/ap_axi_sdata.h:304:5)
INFO: [HLS 214-131] Inlining function '_llvm.fpga.pack.none.i1.s_struct.ap_uint<1>s' into 'example(hls::stream<hls::axis<ap_int<8>, 2ul, 5ul, 6ul>, 0>&, hls::stream<hls::axis<ap_int<8>, 2ul, 5ul, 6ul>, 0>&)' (/tools/Xilinx/Vitis_HLS/2022.1/common/technology/autopilot/ap_axi_sdata.h:304:5)
INFO: [HLS 214-131] Inlining function '_llvm.fpga.pack.none.i2.s_struct.ap_uint<2>s' into 'example(hls::stream<hls::axis<ap_int<8>, 2ul, 5ul, 6ul>, 0>&, hls::stream<hls::axis<ap_int<8>, 2ul, 5ul, 6ul>, 0>&)' (/tools/Xilinx/Vitis_HLS/2022.1/common/technology/autopilot/ap_axi_sdata.h:304:5)
INFO: [HLS 214-131] Inlining function '_llvm.fpga.pack.none.i8.s_struct.ap_int<8>s' into 'example(hls::stream<hls::axis<ap_int<8>, 2ul, 5ul, 6ul>, 0>&, hls::stream<hls::axis<ap_int<8>, 2ul, 5ul, 6ul>, 0>&)' (/tools/Xilinx/Vitis_HLS/2022.1/common/technology/autopilot/ap_axi_sdata.h:304:5)
INFO: [HLS 214-131] Inlining function '_llvm.fpga.unpack.none.s_struct.ap_uint<6>s.i6' into 'example(hls::stream<hls::axis<ap_int<8>, 2ul, 5ul, 6ul>, 0>&, hls::stream<hls::axis<ap_int<8>, 2ul, 5ul, 6ul>, 0>&)' (/tools/Xilinx/Vitis_HLS/2022.1/common/technology/autopilot/ap_axi_sdata.h:283:5)
INFO: [HLS 214-131] Inlining function '_llvm.fpga.unpack.none.s_struct.ap_uint<5>s.i5' into 'example(hls::stream<hls::axis<ap_int<8>, 2ul, 5ul, 6ul>, 0>&, hls::stream<hls::axis<ap_int<8>, 2ul, 5ul, 6ul>, 0>&)' (/tools/Xilinx/Vitis_HLS/2022.1/common/technology/autopilot/ap_axi_sdata.h:283:5)
INFO: [HLS 214-131] Inlining function '_llvm.fpga.unpack.none.s_struct.ap_uint<1>s.i1' into 'example(hls::stream<hls::axis<ap_int<8>, 2ul, 5ul, 6ul>, 0>&, hls::stream<hls::axis<ap_int<8>, 2ul, 5ul, 6ul>, 0>&)' (/tools/Xilinx/Vitis_HLS/2022.1/common/technology/autopilot/ap_axi_sdata.h:283:5)
INFO: [HLS 214-131] Inlining function '_llvm.fpga.unpack.none.s_struct.ap_uint<2>s.i2' into 'example(hls::stream<hls::axis<ap_int<8>, 2ul, 5ul, 6ul>, 0>&, hls::stream<hls::axis<ap_int<8>, 2ul, 5ul, 6ul>, 0>&)' (/tools/Xilinx/Vitis_HLS/2022.1/common/technology/autopilot/ap_axi_sdata.h:283:5)
INFO: [HLS 200-111] Finished Compiling Optimization and Transform: CPU user time: 3.86 seconds. CPU system time: 0.31 seconds. Elapsed time: 4.63 seconds; current allocated memory: 112.254 MB.
INFO: [HLS 200-111] Finished Checking Pragmas: CPU user time: 0 seconds. CPU system time: 0 seconds. Elapsed time: 0 seconds; current allocated memory: 112.254 MB.
INFO: [HLS 200-10] Starting code transformations ...
INFO: [HLS 200-111] Finished Standard Transforms: CPU user time: 0.03 seconds. CPU system time: 0.01 seconds. Elapsed time: 0.15 seconds; current allocated memory: 118.047 MB.
INFO: [HLS 200-10] Checking synthesizability ...
INFO: [HLS 200-111] Finished Checking Synthesizability: CPU user time: 0.06 seconds. CPU system time: 0.01 seconds. Elapsed time: 0.16 seconds; current allocated memory: 126.629 MB.
INFO: [XFORM 203-510] Pipelining loop 'VITIS_LOOP_29_1' (../shared/Vitis-HLS-Introductory-Examples-2021.2/Interface/Streaming/using_axi_stream_with_side_channel_data/example.cpp:29) in function 'example' automatically.
INFO: [HLS 200-111] Finished Loop, function and other optimizations: CPU user time: 0.11 seconds. CPU system time: 0.02 seconds. Elapsed time: 0.31 seconds; current allocated memory: 155.633 MB.
INFO: [HLS 200-111] Finished Architecture Synthesis: CPU user time: 0.06 seconds. CPU system time: 0 seconds. Elapsed time: 0.12 seconds; current allocated memory: 157.621 MB.
INFO: [HLS 200-10] Starting hardware synthesis ...
INFO: [HLS 200-10] Synthesizing 'example' ...
INFO: [HLS 200-10] ----------------------------------------------------------------
INFO: [HLS 200-42] -- Implementing module 'example' 
INFO: [HLS 200-10] ----------------------------------------------------------------
INFO: [SCHED 204-11] Starting scheduling ...
INFO: [SCHED 204-61] Pipelining loop 'VITIS_LOOP_29_1'.
INFO: [HLS 200-1470] Pipelining result : Target II = NA, Final II = 1, Depth = 2, loop 'VITIS_LOOP_29_1'
INFO: [SCHED 204-11] Finished scheduling.
INFO: [HLS 200-111] Finished Scheduling: CPU user time: 0.04 seconds. CPU system time: 0 seconds. Elapsed time: 0.14 seconds; current allocated memory: 157.621 MB.
INFO: [BIND 205-100] Starting micro-architecture generation ...
INFO: [BIND 205-101] Performing variable lifetime analysis.
INFO: [BIND 205-101] Exploring resource sharing.
INFO: [BIND 205-101] Binding ...
INFO: [BIND 205-100] Finished micro-architecture generation.
INFO: [HLS 200-111] Finished Binding: CPU user time: 0.02 seconds. CPU system time: 0 seconds. Elapsed time: 0.06 seconds; current allocated memory: 157.621 MB.
INFO: [HLS 200-10] ----------------------------------------------------------------
INFO: [HLS 200-10] -- Generating RTL for module 'example' 
INFO: [HLS 200-10] ----------------------------------------------------------------
WARNING: [RTGEN 206-101] Design contains AXI ports. Reset is fixed to synchronous and active low.
INFO: [RTGEN 206-500] Setting interface mode on port 'example/A_V_data_V' to 'axis' (register, both mode).
INFO: [RTGEN 206-500] Setting interface mode on port 'example/A_V_keep_V' to 'axis' (register, both mode).
INFO: [RTGEN 206-500] Setting interface mode on port 'example/A_V_strb_V' to 'axis' (register, both mode).
INFO: [RTGEN 206-500] Setting interface mode on port 'example/A_V_user_V' to 'axis' (register, both mode).
INFO: [RTGEN 206-500] Setting interface mode on port 'example/A_V_last_V' to 'axis' (register, both mode).
INFO: [RTGEN 206-500] Setting interface mode on port 'example/A_V_id_V' to 'axis' (register, both mode).
INFO: [RTGEN 206-500] Setting interface mode on port 'example/A_V_dest_V' to 'axis' (register, both mode).
INFO: [RTGEN 206-500] Setting interface mode on port 'example/B_V_data_V' to 'axis' (register, both mode).
INFO: [RTGEN 206-500] Setting interface mode on port 'example/B_V_keep_V' to 'axis' (register, both mode).
INFO: [RTGEN 206-500] Setting interface mode on port 'example/B_V_strb_V' to 'axis' (register, both mode).
==============================================================
Vitis HLS - High-Level Synthesis from C, C++ and OpenCL v2022.1 (64-bit)
Tool Version Limit: 2022.04
Copyright 1986-2022 Xilinx, Inc. All Rights Reserved.
==============================================================
==============================================================
Vitis HLS - High-Level Synthesis from C, C++ and OpenCL v2022.1 (64-bit)
Tool Version Limit: 2022.04
Copyright 1986-2022 Xilinx, Inc. All Rights Reserved.
==============================================================
INFO: [SYN 201-201] Setting up clock 'default' with a period of 10ns.
INFO: [HLS 200-1611] Setting target device to 'xc7z020-clg400-1'
INFO: [HLS 200-1505] Using flow_target 'vivado'
INFO: [HLS 200-1464] Running solution command: config_export -format=ip_catalog
INFO: [HLS 200-1464] Running solution command: config_export -rtl=verilog
INFO: [HLS 200-1510] Running: set_part xc7z020-clg400-1 
INFO: [HLS 200-1510] Running: create_clock -period 10 -name default 
INFO: [HLS 200-1510] Running: config_export -format ip_catalog -rtl verilog 
INFO: [HLS 200-1510] Running: source ./DMA_HLS/solution1/directives.tcl
INFO: [HLS 200-1510] Running: set_directive_top -name example example 
INFO: [HLS 200-1510] Running: csynth_design 
INFO: [HLS 200-111] Finished File checks and directory preparation: CPU user time: 0.01 seconds. CPU system time: 0.01 seconds. Elapsed time: 0.04 seconds; current allocated memory: 1.116 GB.
INFO: [HLS 200-10] Analyzing design file '../shared/Vitis-HLS-Introductory-Examples-2021.2/Interface/Streaming/using_axi_stream_with_side_channel_data/example.cpp' ... 
INFO: [HLS 200-111] Finished Source Code Analysis and Preprocessing: CPU user time: 6.25 seconds. CPU system time: 0.6 seconds. Elapsed time: 23.18 seconds; current allocated memory: 111.008 MB.
INFO: [HLS 200-777] Using interface defaults for 'Vivado' flow target.
INFO: [HLS 214-131] Inlining function '_llvm.fpga.unpack.none.s_struct.ap_int<8>s.i8' into 'example(hls::stream<hls::axis<ap_int<8>, 2ul, 5ul, 6ul>, 0>&, hls::stream<hls::axis<ap_int<8>, 2ul, 5ul, 6ul>, 0>&)' (/tools/Xilinx/Vitis_HLS/2022.1/common/technology/autopilot/ap_axi_sdata.h:283:5)
INFO: [HLS 214-131] Inlining function '_llvm.fpga.pack.none.i6.s_struct.ap_uint<6>s' into 'example(hls::stream<hls::axis<ap_int<8>, 2ul, 5ul, 6ul>, 0>&, hls::stream<hls::axis<ap_int<8>, 2ul, 5ul, 6ul>, 0>&)' (/tools/Xilinx/Vitis_HLS/2022.1/common/technology/autopilot/ap_axi_sdata.h:304:5)
INFO: [HLS 214-131] Inlining function '_llvm.fpga.pack.none.i5.s_struct.ap_uint<5>s' into 'example(hls::stream<hls::axis<ap_int<8>, 2ul, 5ul, 6ul>, 0>&, hls::stream<hls::axis<ap_int<8>, 2ul, 5ul, 6ul>, 0>&)' (/tools/Xilinx/Vitis_HLS/2022.1/common/technology/autopilot/ap_axi_sdata.h:304:5)
INFO: [HLS 214-131] Inlining function '_llvm.fpga.pack.none.i1.s_struct.ap_uint<1>s' into 'example(hls::stream<hls::axis<ap_int<8>, 2ul, 5ul, 6ul>, 0>&, hls::stream<hls::axis<ap_int<8>, 2ul, 5ul, 6ul>, 0>&)' (/tools/Xilinx/Vitis_HLS/2022.1/common/technology/autopilot/ap_axi_sdata.h:304:5)
INFO: [HLS 214-131] Inlining function '_llvm.fpga.pack.none.i2.s_struct.ap_uint<2>s' into 'example(hls::stream<hls::axis<ap_int<8>, 2ul, 5ul, 6ul>, 0>&, hls::stream<hls::axis<ap_int<8>, 2ul, 5ul, 6ul>, 0>&)' (/tools/Xilinx/Vitis_HLS/2022.1/common/technology/autopilot/ap_axi_sdata.h:304:5)
INFO: [HLS 214-131] Inlining function '_llvm.fpga.pack.none.i8.s_struct.ap_int<8>s' into 'example(hls::stream<hls::axis<ap_int<8>, 2ul, 5ul, 6ul>, 0>&, hls::stream<hls::axis<ap_int<8>, 2ul, 5ul, 6ul>, 0>&)' (/tools/Xilinx/Vitis_HLS/2022.1/common/technology/autopilot/ap_axi_sdata.h:304:5)
INFO: [HLS 214-131] Inlining function '_llvm.fpga.unpack.none.s_struct.ap_uint<6>s.i6' into 'example(hls::stream<hls::axis<ap_int<8>, 2ul, 5ul, 6ul>, 0>&, hls::stream<hls::axis<ap_int<8>, 2ul, 5ul, 6ul>, 0>&)' (/tools/Xilinx/Vitis_HLS/2022.1/common/technology/autopilot/ap_axi_sdata.h:283:5)
INFO: [HLS 214-131] Inlining function '_llvm.fpga.unpack.none.s_struct.ap_uint<5>s.i5' into 'example(hls::stream<hls::axis<ap_int<8>, 2ul, 5ul, 6ul>, 0>&, hls::stream<hls::axis<ap_int<8>, 2ul, 5ul, 6ul>, 0>&)' (/tools/Xilinx/Vitis_HLS/2022.1/common/technology/autopilot/ap_axi_sdata.h:283:5)
INFO: [HLS 214-131] Inlining function '_llvm.fpga.unpack.none.s_struct.ap_uint<1>s.i1' into 'example(hls::stream<hls::axis<ap_int<8>, 2ul, 5ul, 6ul>, 0>&, hls::stream<hls::axis<ap_int<8>, 2ul, 5ul, 6ul>, 0>&)' (/tools/Xilinx/Vitis_HLS/2022.1/common/technology/autopilot/ap_axi_sdata.h:283:5)
INFO: [HLS 214-131] Inlining function '_llvm.fpga.unpack.none.s_struct.ap_uint<2>s.i2' into 'example(hls::stream<hls::axis<ap_int<8>, 2ul, 5ul, 6ul>, 0>&, hls::stream<hls::axis<ap_int<8>, 2ul, 5ul, 6ul>, 0>&)' (/tools/Xilinx/Vitis_HLS/2022.1/common/technology/autopilot/ap_axi_sdata.h:283:5)
INFO: [HLS 200-111] Finished Compiling Optimization and Transform: CPU user time: 5.33 seconds. CPU system time: 0.38 seconds. Elapsed time: 13.45 seconds; current allocated memory: 112.652 MB.
INFO: [HLS 200-111] Finished Checking Pragmas: CPU user time: 0 seconds. CPU system time: 0.01 seconds. Elapsed time: 0.01 seconds; current allocated memory: 112.652 MB.
INFO: [HLS 200-10] Starting code transformations ...
INFO: [HLS 200-111] Finished Standard Transforms: CPU user time: 0.03 seconds. CPU system time: 0 seconds. Elapsed time: 0.15 seconds; current allocated memory: 118.453 MB.
INFO: [HLS 200-10] Checking synthesizability ...
INFO: [HLS 200-111] Finished Checking Synthesizability: CPU user time: 0.08 seconds. CPU system time: 0.01 seconds. Elapsed time: 0.19 seconds; current allocated memory: 127.035 MB.
INFO: [XFORM 203-510] Pipelining loop 'VITIS_LOOP_29_1' (../shared/Vitis-HLS-Introductory-Examples-2021.2/Interface/Streaming/using_axi_stream_with_side_channel_data/example.cpp:29) in function 'example' automatically.
INFO: [HLS 200-111] Finished Loop, function and other optimizations: CPU user time: 0.13 seconds. CPU system time: 0.01 seconds. Elapsed time: 0.41 seconds; current allocated memory: 156.039 MB.
INFO: [HLS 200-111] Finished Architecture Synthesis: CPU user time: 0.07 seconds. CPU system time: 0 seconds. Elapsed time: 0.25 seconds; current allocated memory: 158.023 MB.
INFO: [HLS 200-10] Starting hardware synthesis ...
INFO: [HLS 200-10] Synthesizing 'example' ...
INFO: [HLS 200-10] ----------------------------------------------------------------
INFO: [HLS 200-42] -- Implementing module 'example' 
INFO: [HLS 200-10] ----------------------------------------------------------------
INFO: [SCHED 204-11] Starting scheduling ...
INFO: [SCHED 204-61] Pipelining loop 'VITIS_LOOP_29_1'.
INFO: [HLS 200-1470] Pipelining result : Target II = NA, Final II = 1, Depth = 2, loop 'VITIS_LOOP_29_1'
INFO: [SCHED 204-11] Finished scheduling.
INFO: [HLS 200-111] Finished Scheduling: CPU user time: 0.04 seconds. CPU system time: 0.03 seconds. Elapsed time: 0.22 seconds; current allocated memory: 158.023 MB.
INFO: [BIND 205-100] Starting micro-architecture generation ...
INFO: [BIND 205-101] Performing variable lifetime analysis.
INFO: [BIND 205-101] Exploring resource sharing.
INFO: [BIND 205-101] Binding ...
INFO: [BIND 205-100] Finished micro-architecture generation.
INFO: [HLS 200-111] Finished Binding: CPU user time: 0.02 seconds. CPU system time: 0 seconds. Elapsed time: 0.09 seconds; current allocated memory: 158.023 MB.
INFO: [HLS 200-10] ----------------------------------------------------------------
INFO: [HLS 200-10] -- Generating RTL for module 'example' 
INFO: [HLS 200-10] ----------------------------------------------------------------
WARNING: [RTGEN 206-101] Design contains AXI ports. Reset is fixed to synchronous and active low.
INFO: [RTGEN 206-500] Setting interface mode on port 'example/A_V_data_V' to 'axis' (register, both mode).
INFO: [RTGEN 206-500] Setting interface mode on port 'example/A_V_keep_V' to 'axis' (register, both mode).
INFO: [RTGEN 206-500] Setting interface mode on port 'example/A_V_strb_V' to 'axis' (register, both mode).
INFO: [RTGEN 206-500] Setting interface mode on port 'example/A_V_user_V' to 'axis' (register, both mode).
INFO: [RTGEN 206-500] Setting interface mode on port 'example/A_V_last_V' to 'axis' (register, both mode).
INFO: [RTGEN 206-500] Setting interface mode on port 'example/A_V_id_V' to 'axis' (register, both mode).
INFO: [RTGEN 206-500] Setting interface mode on port 'example/A_V_dest_V' to 'axis' (register, both mode).
INFO: [RTGEN 206-500] Setting interface mode on port 'example/B_V_data_V' to 'axis' (register, both mode).
INFO: [RTGEN 206-500] Setting interface mode on port 'example/B_V_keep_V' to 'axis' (register, both mode).
INFO: [RTGEN 206-500] Setting interface mode on port 'example/B_V_strb_V' to 'axis' (register, both mode).
==============================================================
Vitis HLS - High-Level Synthesis from C, C++ and OpenCL v2022.1 (64-bit)
Tool Version Limit: 2022.04
Copyright 1986-2022 Xilinx, Inc. All Rights Reserved.
==============================================================
==============================================================
Vitis HLS - High-Level Synthesis from C, C++ and OpenCL v2022.1 (64-bit)
Tool Version Limit: 2022.04
Copyright 1986-2022 Xilinx, Inc. All Rights Reserved.
==============================================================
