Vivado Simulator v2022.1
Copyright 1986-1999, 2001-2022 Xilinx, Inc. All Rights Reserved.
Running: /tools/Xilinx/Vivado/2022.1/bin/unwrapped/lnx64.o/xelab --incr --debug typical --relax --mt 8 -L xil_defaultlib -L axi_infrastructure_v1_1_0 -L axi_vip_v1_1_12 -L processing_system7_vip_v1_0_14 -L lib_pkg_v1_0_2 -L fifo_generator_v13_2_7 -L lib_fifo_v1_0_16 -L lib_srl_fifo_v1_0_2 -L lib_cdc_v1_0_2 -L axi_datamover_v5_1_28 -L axi_sg_v4_1_15 -L axi_dma_v7_1_27 -L proc_sys_reset_v5_0_13 -L axis_infrastructure_v1_1_0 -L axis_data_fifo_v2_0_8 -L generic_baseblocks_v2_1_0 -L axi_data_fifo_v2_1_25 -L axi_register_slice_v2_1_26 -L axi_protocol_converter_v2_1_26 -L axi_clock_converter_v2_1_25 -L blk_mem_gen_v8_4_5 -L axi_dwidth_converter_v2_1_26 -L uvm -L xilinx_vip -L unisims_ver -L unimacro_ver -L secureip -L xpm --snapshot axi_dma_wrapper_behav xil_defaultlib.axi_dma_wrapper xil_defaultlib.glbl -log elaborate.log 
Using 8 slave threads.
Starting static elaboration
Pass Through NonSizing Optimizer
WARNING: [VRFC 10-3091] actual bit length 128 differs from formal bit length 64 for port 'WR_DATA_STRB' [/scratch/proj/xbuilds/SWIP/2022.1_0420_0327/infra/XSIM/lin/.cxl.ip/incl/processing_system7_vip_v1_0_14_axi_gp.v:208]
WARNING: [VRFC 10-3091] actual bit length 12 differs from formal bit length 6 for port 'm_axi_bid' [/wrk/ci/prod/2022.1/sw/continuous/2573/packages/customer/vivado/data/ip/xilinx/processing_system7_vip_v1_0/hdl/processing_system7_vip_v1_0_vl_rfs.sv:5546]
WARNING: [VRFC 10-3091] actual bit length 12 differs from formal bit length 6 for port 'm_axi_rid' [/wrk/ci/prod/2022.1/sw/continuous/2573/packages/customer/vivado/data/ip/xilinx/processing_system7_vip_v1_0/hdl/processing_system7_vip_v1_0_vl_rfs.sv:5564]
WARNING: [VRFC 10-3091] actual bit length 128 differs from formal bit length 64 for port 'WR_DATA_STRB' [/scratch/proj/xbuilds/SWIP/2022.1_0420_0327/infra/XSIM/lin/.cxl.ip/incl/processing_system7_vip_v1_0_14_axi_gp.v:292]
WARNING: [VRFC 10-3091] actual bit length 8 differs from formal bit length 9 for port 'WR_BYTES' [/scratch/proj/xbuilds/SWIP/2022.1_0420_0327/infra/XSIM/lin/.cxl.ip/incl/processing_system7_vip_v1_0_14_axi_hp.v:80]
WARNING: [VRFC 10-3091] actual bit length 8 differs from formal bit length 9 for port 'RD_BYTES' [/scratch/proj/xbuilds/SWIP/2022.1_0420_0327/infra/XSIM/lin/.cxl.ip/incl/processing_system7_vip_v1_0_14_axi_hp.v:89]
WARNING: [VRFC 10-3091] actual bit length 12 differs from formal bit length 6 for port 'm_axi_bid' [/wrk/ci/prod/2022.1/sw/continuous/2573/packages/customer/vivado/data/ip/xilinx/processing_system7_vip_v1_0/hdl/processing_system7_vip_v1_0_vl_rfs.sv:10256]
WARNING: [VRFC 10-3091] actual bit length 12 differs from formal bit length 6 for port 'm_axi_rid' [/wrk/ci/prod/2022.1/sw/continuous/2573/packages/customer/vivado/data/ip/xilinx/processing_system7_vip_v1_0/hdl/processing_system7_vip_v1_0_vl_rfs.sv:10274]
WARNING: [VRFC 10-3091] actual bit length 32 differs from formal bit length 64 for port 'm_axi_rdata' [/wrk/ci/prod/2022.1/sw/continuous/2573/packages/customer/vivado/data/ip/xilinx/processing_system7_vip_v1_0/hdl/processing_system7_vip_v1_0_vl_rfs.sv:10275]
WARNING: [VRFC 10-3091] actual bit length 8 differs from formal bit length 9 for port 'WR_BYTES' [/scratch/proj/xbuilds/SWIP/2022.1_0420_0327/infra/XSIM/lin/.cxl.ip/incl/processing_system7_vip_v1_0_14_axi_hp.v:165]
WARNING: [VRFC 10-3091] actual bit length 8 differs from formal bit length 9 for port 'RD_BYTES' [/scratch/proj/xbuilds/SWIP/2022.1_0420_0327/infra/XSIM/lin/.cxl.ip/incl/processing_system7_vip_v1_0_14_axi_hp.v:174]
WARNING: [VRFC 10-3091] actual bit length 8 differs from formal bit length 9 for port 'WR_BYTES' [/scratch/proj/xbuilds/SWIP/2022.1_0420_0327/infra/XSIM/lin/.cxl.ip/incl/processing_system7_vip_v1_0_14_axi_hp.v:251]
WARNING: [VRFC 10-3091] actual bit length 8 differs from formal bit length 9 for port 'RD_BYTES' [/scratch/proj/xbuilds/SWIP/2022.1_0420_0327/infra/XSIM/lin/.cxl.ip/incl/processing_system7_vip_v1_0_14_axi_hp.v:260]
WARNING: [VRFC 10-3091] actual bit length 8 differs from formal bit length 9 for port 'WR_BYTES' [/scratch/proj/xbuilds/SWIP/2022.1_0420_0327/infra/XSIM/lin/.cxl.ip/incl/processing_system7_vip_v1_0_14_axi_hp.v:337]
WARNING: [VRFC 10-3091] actual bit length 8 differs from formal bit length 9 for port 'RD_BYTES' [/scratch/proj/xbuilds/SWIP/2022.1_0420_0327/infra/XSIM/lin/.cxl.ip/incl/processing_system7_vip_v1_0_14_axi_hp.v:346]
WARNING: [VRFC 10-3091] actual bit length 12 differs from formal bit length 3 for port 'm_axi_bid' [/wrk/ci/prod/2022.1/sw/continuous/2573/packages/customer/vivado/data/ip/xilinx/processing_system7_vip_v1_0/hdl/processing_system7_vip_v1_0_vl_rfs.sv:7157]
WARNING: [VRFC 10-3091] actual bit length 12 differs from formal bit length 3 for port 'm_axi_rid' [/wrk/ci/prod/2022.1/sw/continuous/2573/packages/customer/vivado/data/ip/xilinx/processing_system7_vip_v1_0/hdl/processing_system7_vip_v1_0_vl_rfs.sv:7175]
WARNING: [VRFC 10-3091] actual bit length 32 differs from formal bit length 64 for port 'm_axi_rdata' [/wrk/ci/prod/2022.1/sw/continuous/2573/packages/customer/vivado/data/ip/xilinx/processing_system7_vip_v1_0/hdl/processing_system7_vip_v1_0_vl_rfs.sv:7176]
WARNING: [VRFC 10-5021] port 'mm2s_prmry_reset_out_n' is not connected on this instance [/home/e2/axi_dma/axi_dma.gen/sources_1/bd/axi_dma/sim/axi_dma.v:208]
WARNING: [VRFC 10-5021] port 'mb_reset' is not connected on this instance [/home/e2/axi_dma/axi_dma.gen/sources_1/bd/axi_dma/sim/axi_dma.v:551]
WARNING: [VRFC 10-5021] port 'ENET0_GMII_RXD' is not connected on this instance [/home/e2/axi_dma/axi_dma.gen/sources_1/bd/axi_dma/ip/axi_dma_processing_system7_0_0/sim/axi_dma_processing_system7_0_0.v:371]
WARNING: [VRFC 10-3027] 'ocm_wr_strb_port0' was previously declared with a different range [/wrk/ci/prod/2022.1/sw/continuous/2573/packages/customer/vivado/data/ip/xilinx/processing_system7_vip_v1_0/hdl/processing_system7_vip_v1_0_vl_rfs.sv:3809]
WARNING: [VRFC 10-5021] port 'aclk2x' is not connected on this instance [/wrk/ci/prod/2022.1/sw/continuous/2573/packages/customer/vivado/data/ip/xilinx/axi_protocol_converter_v2_1/hdl/axi_protocol_converter_v2_1_vl_rfs.v:4376]
WARNING: [VRFC 10-5021] port 'aclk2x' is not connected on this instance [/wrk/ci/prod/2022.1/sw/continuous/2573/packages/customer/vivado/data/ip/xilinx/axi_protocol_converter_v2_1/hdl/axi_protocol_converter_v2_1_vl_rfs.v:4631]
WARNING: [VRFC 10-3705] select index 2 into 'g7s_cc_rst_nsckt.arst_sync_wr' is out of bounds [/wrk/ci/prod/2022.1/sw/continuous/2573/packages/customer/vivado/data/ip/xilinx/fifo_generator_v13_2/simulation/fifo_generator_vlog_beh.v:4830]
WARNING: [VRFC 10-3705] select index 64 into 'wrp_strb' is out of bounds [/wrk/ci/prod/2022.1/sw/continuous/2573/packages/customer/vivado/data/ip/xilinx/processing_system7_vip_v1_0/hdl/processing_system7_vip_v1_0_vl_rfs.sv:6134]
WARNING: [VRFC 10-3705] select index 128 into 'wrp_strb' is out of bounds [/wrk/ci/prod/2022.1/sw/continuous/2573/packages/customer/vivado/data/ip/xilinx/processing_system7_vip_v1_0/hdl/processing_system7_vip_v1_0_vl_rfs.sv:10898]
WARNING: [VRFC 10-3705] select index 128 into 'wrp_strb' is out of bounds [/wrk/ci/prod/2022.1/sw/continuous/2573/packages/customer/vivado/data/ip/xilinx/processing_system7_vip_v1_0/hdl/processing_system7_vip_v1_0_vl_rfs.sv:7772]
WARNING: [VRFC 10-3705] select index 4 into 'wr_fifo_rd_ptr' is out of bounds [/wrk/ci/prod/2022.1/sw/continuous/2573/packages/customer/vivado/data/ip/xilinx/processing_system7_vip_v1_0/hdl/processing_system7_vip_v1_0_vl_rfs.sv:7985]
WARNING: [VRFC 10-3705] select index 4 into 'ar_cnt' is out of bounds [/wrk/ci/prod/2022.1/sw/continuous/2573/packages/customer/vivado/data/ip/xilinx/processing_system7_vip_v1_0/hdl/processing_system7_vip_v1_0_vl_rfs.sv:8124]
WARNING: [VRFC 10-3705] select index 4 into 'wr_rresp_cnt' is out of bounds [/wrk/ci/prod/2022.1/sw/continuous/2573/packages/customer/vivado/data/ip/xilinx/processing_system7_vip_v1_0/hdl/processing_system7_vip_v1_0_vl_rfs.sv:8221]
WARNING: [VRFC 10-3705] select index 4 into 'rd_fifo_wr_ptr' is out of bounds [/wrk/ci/prod/2022.1/sw/continuous/2573/packages/customer/vivado/data/ip/xilinx/processing_system7_vip_v1_0/hdl/processing_system7_vip_v1_0_vl_rfs.sv:8240]
WARNING: [VRFC 10-3705] select index 4 into 'rd_cnt' is out of bounds [/wrk/ci/prod/2022.1/sw/continuous/2573/packages/customer/vivado/data/ip/xilinx/processing_system7_vip_v1_0/hdl/processing_system7_vip_v1_0_vl_rfs.sv:8381]
WARNING: [VRFC 10-3705] select index 4 into 'rresp_time_cnt' is out of bounds [/wrk/ci/prod/2022.1/sw/continuous/2573/packages/customer/vivado/data/ip/xilinx/processing_system7_vip_v1_0/hdl/processing_system7_vip_v1_0_vl_rfs.sv:8386]
WARNING: [VRFC 10-3705] select index 4 into 'rd_fifo_rd_ptr' is out of bounds [/wrk/ci/prod/2022.1/sw/continuous/2573/packages/customer/vivado/data/ip/xilinx/processing_system7_vip_v1_0/hdl/processing_system7_vip_v1_0_vl_rfs.sv:8391]
Completed static elaboration
Starting simulation data flow analysis
Completed simulation data flow analysis
Time Resolution for simulation is 1ps
Compiling package std.standard
Compiling package std.textio
Compiling package ieee.std_logic_1164
Compiling package ieee.numeric_std
Compiling package synopsys.attributes
Compiling package ieee.std_logic_misc
Compiling package unisim.vcomponents
Compiling package ieee.std_logic_arith
Compiling package ieee.std_logic_unsigned
Compiling package lib_pkg_v1_0_2.lib_pkg
Compiling package axi_dma_v7_1_27.axi_dma_pkg
Compiling package ieee.vital_timing
Compiling package ieee.vital_primitives
Compiling package unisim.vpkg
Compiling package xpm.vcomponents
Compiling package xilinx_vip.axi_vip_pkg
Compiling package xilinx_vip.xil_common_vip_pkg
Compiling package std.std
Compiling architecture implementation of entity axi_dma_v7_1_27.axi_dma_smple_sm [\axi_dma_smple_sm(c_sg_length_wi...]
Compiling architecture implementation of entity axi_dma_v7_1_27.axi_dma_mm2s_cmdsts_if [\axi_dma_mm2s_cmdsts_if(c_extra=...]
Compiling architecture implementation of entity axi_dma_v7_1_27.axi_dma_mm2s_sts_mngr [axi_dma_mm2s_sts_mngr_default]
Compiling architecture implementation of entity axi_dma_v7_1_27.axi_dma_mm2s_mngr [\axi_dma_mm2s_mngr(c_prmy_cmdfif...]
Compiling architecture implementation of entity axi_dma_v7_1_27.axi_dma_sofeof_gen [axi_dma_sofeof_gen_default]
Compiling architecture implementation of entity axi_dma_v7_1_27.axi_dma_s2mm_cmdsts_if [\axi_dma_s2mm_cmdsts_if(c_dm_sta...]
Compiling architecture implementation of entity axi_dma_v7_1_27.axi_dma_s2mm_sts_mngr [axi_dma_s2mm_sts_mngr_default]
Compiling architecture implementation of entity axi_dma_v7_1_27.axi_dma_s2mm_mngr [\axi_dma_s2mm_mngr(c_prmy_cmdfif...]
Compiling architecture implementation of entity axi_dma_v7_1_27.axi_dma_reset [\axi_dma_reset(c_include_sg=0,c_...]
Compiling architecture fdre_v of entity unisim.FDRE [fdre_default]
Compiling architecture fdr_v of entity unisim.FDR [fdr_default]
Compiling architecture implementation of entity lib_cdc_v1_0_2.cdc_sync [\cdc_sync(c_mtbf_stages=4)\]
Compiling architecture implementation of entity axi_dma_v7_1_27.axi_dma_rst_module [\axi_dma_rst_module(c_include_sg...]
Compiling architecture implementation of entity axi_dma_v7_1_27.axi_dma_lite_if [\axi_dma_lite_if(c_num_ce=23,c_s...]
Compiling architecture implementation of entity axi_dma_v7_1_27.axi_dma_register [\axi_dma_register(c_num_register...]
Compiling architecture implementation of entity axi_dma_v7_1_27.axi_dma_register_s2mm [\axi_dma_register_s2mm(c_num_reg...]
Compiling architecture implementation of entity axi_dma_v7_1_27.axi_dma_reg_module [\axi_dma_reg_module(c_include_sg...]
Compiling architecture behavioral of entity lib_srl_fifo_v1_0_2.dynshreg_f [\dynshreg_f(c_depth=4,c_dwidth=8...]
Compiling architecture imp of entity lib_srl_fifo_v1_0_2.srl_fifo_rbu_f [\srl_fifo_rbu_f(c_dwidth=8,c_dep...]
Compiling architecture imp of entity lib_srl_fifo_v1_0_2.srl_fifo_f [\srl_fifo_f(c_dwidth=8,c_depth=4...]
Compiling architecture imp of entity axi_datamover_v5_1_28.axi_datamover_fifo [\axi_datamover_fifo(c_dwidth=8,c...]
Compiling module xpm.xpm_fifo_rst_default
Compiling module xpm.xpm_fifo_reg_bit
Compiling module xpm.xpm_counter_updn(COUNTER_WIDTH=8...
Compiling module xpm.xpm_counter_updn(COUNTER_WIDTH=7...
Compiling module xpm.xpm_memory_base(MEMORY_TYPE=1,ME...
Compiling module xpm.xpm_counter_updn(COUNTER_WIDTH=2...
Compiling module xpm.xpm_fifo_base(FIFO_MEMORY_TYPE=2...
Compiling module xpm.xpm_fifo_sync(FIFO_MEMORY_TYPE="...
Compiling architecture implementation of entity lib_fifo_v1_0_16.sync_fifo_fg [\sync_fifo_fg(c_family="zynq",c_...]
Compiling architecture imp of entity axi_datamover_v5_1_28.axi_datamover_sfifo_autord [\axi_datamover_sfifo_autord(c_dw...]
Compiling architecture implementation of entity axi_datamover_v5_1_28.axi_datamover_rd_sf [\axi_datamover_rd_sf(c_sf_fifo_d...]
Compiling architecture implementation of entity axi_datamover_v5_1_28.axi_datamover_skid_buf [\axi_datamover_skid_buf(c_wdata_...]
Compiling architecture implementation of entity axi_datamover_v5_1_28.axi_datamover_reset [axi_datamover_reset_default]
Compiling architecture imp of entity axi_datamover_v5_1_28.axi_datamover_fifo [\axi_datamover_fifo(c_dwidth=8,c...]
Compiling architecture imp of entity axi_datamover_v5_1_28.axi_datamover_fifo [\axi_datamover_fifo(c_dwidth=71,...]
Compiling architecture implementation of entity axi_datamover_v5_1_28.axi_datamover_cmd_status [\axi_datamover_cmd_status(c_stsc...]
Compiling architecture implementation of entity axi_datamover_v5_1_28.axi_datamover_rd_status_cntl [axi_datamover_rd_status_cntl_def...]
Compiling architecture implementation of entity axi_datamover_v5_1_28.axi_datamover_strb_gen2 [\axi_datamover_strb_gen2(c_strb_...]
Compiling architecture implementation of entity axi_datamover_v5_1_28.axi_datamover_strb_gen2 [\axi_datamover_strb_gen2(c_op_mo...]
Compiling architecture implementation of entity axi_datamover_v5_1_28.axi_datamover_pcc [\axi_datamover_pcc(c_is_mm2s=1,c...]
Compiling architecture imp of entity lib_srl_fifo_v1_0_2.cntr_incr_decr_addn_f [\cntr_incr_decr_addn_f(c_size=3,...]
Compiling architecture behavioral of entity lib_srl_fifo_v1_0_2.dynshreg_f [\dynshreg_f(c_depth=4,c_dwidth=5...]
Compiling architecture imp of entity lib_srl_fifo_v1_0_2.srl_fifo_rbu_f [\srl_fifo_rbu_f(c_dwidth=59,c_de...]
Compiling architecture imp of entity lib_srl_fifo_v1_0_2.srl_fifo_f [\srl_fifo_f(c_dwidth=59,c_depth=...]
Compiling architecture imp of entity axi_datamover_v5_1_28.axi_datamover_fifo [\axi_datamover_fifo(c_dwidth=59,...]
Compiling architecture implementation of entity axi_datamover_v5_1_28.axi_datamover_addr_cntl [\axi_datamover_addr_cntl(c_famil...]
Compiling architecture behavioral of entity lib_srl_fifo_v1_0_2.dynshreg_f [\dynshreg_f(c_depth=4,c_dwidth=2...]
Compiling architecture imp of entity lib_srl_fifo_v1_0_2.srl_fifo_rbu_f [\srl_fifo_rbu_f(c_dwidth=282,c_d...]
Compiling architecture imp of entity lib_srl_fifo_v1_0_2.srl_fifo_f [\srl_fifo_f(c_dwidth=282,c_depth...]
Compiling architecture imp of entity axi_datamover_v5_1_28.axi_datamover_fifo [\axi_datamover_fifo(c_dwidth=282...]
Compiling architecture implementation of entity axi_datamover_v5_1_28.axi_datamover_rdmux [\axi_datamover_rdmux(c_sel_addr_...]
Compiling architecture implementation of entity axi_datamover_v5_1_28.axi_datamover_rddata_cntl [\axi_datamover_rddata_cntl(c_ali...]
Compiling architecture implementation of entity axi_datamover_v5_1_28.axi_datamover_mm2s_full_wrap [\axi_datamover_mm2s_full_wrap(c_...]
Compiling architecture implementation of entity axi_datamover_v5_1_28.axi_datamover_ibttcc [\axi_datamover_ibttcc(c_sf_xfer_...]
Compiling architecture implementation of entity axi_datamover_v5_1_28.axi_datamover_ms_strb_set [\axi_datamover_ms_strb_set(c_str...]
Compiling architecture implementation of entity axi_datamover_v5_1_28.axi_datamover_mssai_skid_buf [\axi_datamover_mssai_skid_buf(c_...]
Compiling architecture working of entity axi_datamover_v5_1_28.axi_datamover_slice [\axi_datamover_slice(c_data_widt...]
Compiling module xpm.xpm_fifo_rst_default_1
Compiling module xpm.xpm_counter_updn(COUNTER_WIDTH=5...
Compiling module xpm.xpm_counter_updn
Compiling module xpm.xpm_memory_base(MEMORY_TYPE=1,ME...
Compiling module xpm.xpm_fifo_base(FIFO_WRITE_DEPTH=1...
Compiling module xpm.xpm_fifo_sync(FIFO_MEMORY_TYPE="...
Compiling architecture implementation of entity lib_fifo_v1_0_16.sync_fifo_fg [\sync_fifo_fg(c_family="zynq",c_...]
Compiling architecture imp of entity axi_datamover_v5_1_28.axi_datamover_sfifo_autord [\axi_datamover_sfifo_autord(c_dw...]
Compiling architecture imp of entity axi_datamover_v5_1_28.axi_datamover_fifo [\axi_datamover_fifo(c_dwidth=138...]
Compiling architecture implementation of entity axi_datamover_v5_1_28.axi_datamover_s2mm_scatter [\axi_datamover_s2mm_scatter(c_en...]
Compiling architecture behavioral of entity lib_srl_fifo_v1_0_2.dynshreg_f [\dynshreg_f(c_depth=4,c_dwidth=3...]
Compiling architecture imp of entity lib_srl_fifo_v1_0_2.srl_fifo_rbu_f [\srl_fifo_rbu_f(c_dwidth=37,c_de...]
Compiling architecture imp of entity lib_srl_fifo_v1_0_2.srl_fifo_f [\srl_fifo_f(c_dwidth=37,c_depth=...]
Compiling architecture imp of entity axi_datamover_v5_1_28.axi_datamover_fifo [\axi_datamover_fifo(c_dwidth=37,...]
Compiling architecture implementation of entity axi_datamover_v5_1_28.axi_datamover_s2mm_realign [\axi_datamover_s2mm_realign(c_en...]
Compiling architecture implementation of entity axi_datamover_v5_1_28.axi_datamover_stbs_set_nodre [\axi_datamover_stbs_set_nodre(c_...]
Compiling architecture implementation of entity axi_datamover_v5_1_28.axi_datamover_skid_buf [\axi_datamover_skid_buf(c_wdata_...]
Compiling module xpm.xpm_fifo_rst_default_2
Compiling module xpm.xpm_memory_base(MEMORY_TYPE=1,ME...
Compiling module xpm.xpm_fifo_base(FIFO_WRITE_DEPTH=1...
Compiling module xpm.xpm_fifo_sync(FIFO_MEMORY_TYPE="...
Compiling architecture implementation of entity lib_fifo_v1_0_16.sync_fifo_fg [\sync_fifo_fg(c_family="zynq",c_...]
Compiling architecture imp of entity axi_datamover_v5_1_28.axi_datamover_sfifo_autord [\axi_datamover_sfifo_autord(c_dw...]
Compiling module xpm.xpm_fifo_rst_default_3
Compiling module xpm.xpm_memory_base(MEMORY_TYPE=1,ME...
Compiling module xpm.xpm_fifo_base(FIFO_MEMORY_TYPE=2...
Compiling module xpm.xpm_fifo_sync(FIFO_MEMORY_TYPE="...
Compiling architecture implementation of entity lib_fifo_v1_0_16.sync_fifo_fg [\sync_fifo_fg(c_family="zynq",c_...]
Compiling architecture imp of entity axi_datamover_v5_1_28.axi_datamover_sfifo_autord [\axi_datamover_sfifo_autord(c_dw...]
Compiling architecture implementation of entity axi_datamover_v5_1_28.axi_datamover_indet_btt [\axi_datamover_indet_btt(c_ibtt_...]
Compiling architecture imp of entity axi_datamover_v5_1_28.axi_datamover_fifo [\axi_datamover_fifo(c_dwidth=35,...]
Compiling architecture implementation of entity axi_datamover_v5_1_28.axi_datamover_cmd_status [\axi_datamover_cmd_status(c_stsc...]
Compiling architecture behavioral of entity lib_srl_fifo_v1_0_2.dynshreg_f [\dynshreg_f(c_depth=6,c_dwidth=3...]
Compiling architecture imp of entity lib_srl_fifo_v1_0_2.srl_fifo_rbu_f [\srl_fifo_rbu_f(c_dwidth=33,c_de...]
Compiling architecture imp of entity lib_srl_fifo_v1_0_2.srl_fifo_f [\srl_fifo_f(c_dwidth=33,c_depth=...]
Compiling architecture imp of entity axi_datamover_v5_1_28.axi_datamover_fifo [\axi_datamover_fifo(c_dwidth=33,...]
Compiling architecture imp of entity lib_srl_fifo_v1_0_2.cntr_incr_decr_addn_f [\cntr_incr_decr_addn_f(c_size=4,...]
Compiling architecture behavioral of entity lib_srl_fifo_v1_0_2.dynshreg_f [\dynshreg_f(c_depth=6,c_dwidth=2...]
Compiling architecture imp of entity lib_srl_fifo_v1_0_2.srl_fifo_rbu_f [\srl_fifo_rbu_f(c_dwidth=2,c_dep...]
Compiling architecture imp of entity lib_srl_fifo_v1_0_2.srl_fifo_f [\srl_fifo_f(c_dwidth=2,c_depth=6...]
Compiling architecture imp of entity axi_datamover_v5_1_28.axi_datamover_fifo [\axi_datamover_fifo(c_dwidth=2,c...]
Compiling architecture implementation of entity axi_datamover_v5_1_28.axi_datamover_wr_status_cntl [\axi_datamover_wr_status_cntl(c_...]
Compiling architecture implementation of entity axi_datamover_v5_1_28.axi_datamover_addr_cntl [\axi_datamover_addr_cntl(c_addr_...]
Compiling architecture behavioral of entity lib_srl_fifo_v1_0_2.dynshreg_f [\dynshreg_f(c_depth=4,c_dwidth=2...]
Compiling architecture imp of entity lib_srl_fifo_v1_0_2.srl_fifo_rbu_f [\srl_fifo_rbu_f(c_dwidth=280,c_d...]
Compiling architecture imp of entity lib_srl_fifo_v1_0_2.srl_fifo_f [\srl_fifo_f(c_dwidth=280,c_depth...]
Compiling architecture imp of entity axi_datamover_v5_1_28.axi_datamover_fifo [\axi_datamover_fifo(c_dwidth=280...]
Compiling architecture implementation of entity axi_datamover_v5_1_28.axi_datamover_wrdata_cntl [\axi_datamover_wrdata_cntl(c_rea...]
Compiling architecture implementation of entity axi_datamover_v5_1_28.axi_datamover_wr_demux [\axi_datamover_wr_demux(c_sel_ad...]
Compiling architecture implementation of entity axi_datamover_v5_1_28.axi_datamover_skid2mm_buf [\axi_datamover_skid2mm_buf(c_mda...]
Compiling architecture implementation of entity axi_datamover_v5_1_28.axi_datamover_s2mm_full_wrap [\axi_datamover_s2mm_full_wrap(c_...]
Compiling architecture implementation of entity axi_datamover_v5_1_28.axi_datamover [\axi_datamover(c_include_mm2s=1,...]
Compiling architecture implementation of entity axi_dma_v7_1_27.axi_dma [\axi_dma(c_include_sg=0,c_sg_inc...]
Compiling architecture axi_dma_axi_dma_0_0_arch of entity xil_defaultlib.axi_dma_axi_dma_0_0 [axi_dma_axi_dma_0_0_default]
Compiling module fifo_generator_v13_2_7.fifo_generator_v13_2_7_bhv_ver_s...
Compiling module fifo_generator_v13_2_7.fifo_generator_v13_2_7_bhv_ver_p...
WARNING: [VRFC 10-3705] select index 2 into 'g7s_cc_rst_nsckt.arst_sync_wr' is out of bounds [/wrk/ci/prod/2022.1/sw/continuous/2573/packages/customer/vivado/data/ip/xilinx/fifo_generator_v13_2/simulation/fifo_generator_vlog_beh.v:4830]
Compiling module fifo_generator_v13_2_7.fifo_generator_v13_2_7_CONV_VER(...
Compiling module fifo_generator_v13_2_7.fifo_generator_vlog_beh(C_COMMON...
Compiling module axi_data_fifo_v2_1_25.axi_data_fifo_v2_1_25_fifo_gen(C...
Compiling module axi_data_fifo_v2_1_25.axi_data_fifo_v2_1_25_axic_fifo(...
Compiling module axi_dwidth_converter_v2_1_26.axi_dwidth_converter_v2_1_26_a_d...
Compiling module axi_dwidth_converter_v2_1_26.axi_dwidth_converter_v2_1_26_r_d...
Compiling module axi_dwidth_converter_v2_1_26.axi_dwidth_converter_v2_1_26_axi...
Compiling module fifo_generator_v13_2_7.fifo_generator_v13_2_7_bhv_ver_s...
Compiling module fifo_generator_v13_2_7.fifo_generator_v13_2_7_bhv_ver_p...
Compiling module fifo_generator_v13_2_7.fifo_generator_v13_2_7_CONV_VER(...
Compiling module fifo_generator_v13_2_7.fifo_generator_vlog_beh(C_COMMON...
Compiling module axi_data_fifo_v2_1_25.axi_data_fifo_v2_1_25_fifo_gen(C...
Compiling module axi_data_fifo_v2_1_25.axi_data_fifo_v2_1_25_axic_fifo(...
Compiling module axi_protocol_converter_v2_1_26.axi_protocol_converter_v2_1_26_a...
Compiling module axi_protocol_converter_v2_1_26.axi_protocol_converter_v2_1_26_r...
Compiling module axi_protocol_converter_v2_1_26.axi_protocol_converter_v2_1_26_a...
Compiling module axi_protocol_converter_v2_1_26.axi_protocol_converter_v2_1_26_a...
Compiling module axi_dwidth_converter_v2_1_26.axi_dwidth_converter_v2_1_26_top...
Compiling module xil_defaultlib.axi_dma_auto_ds_0
Compiling module axi_protocol_converter_v2_1_26.axi_protocol_converter_v2_1_26_a...
Compiling module axi_protocol_converter_v2_1_26.axi_protocol_converter_v2_1_26_a...
Compiling module xil_defaultlib.axi_dma_auto_pc_1
Compiling module xil_defaultlib.s00_couplers_imp_1LXVDE6
Compiling module xil_defaultlib.axi_dma_axi_mem_intercon_0
Compiling module fifo_generator_v13_2_7.fifo_generator_v13_2_7_bhv_ver_s...
Compiling module fifo_generator_v13_2_7.fifo_generator_v13_2_7_bhv_ver_p...
Compiling module fifo_generator_v13_2_7.fifo_generator_v13_2_7_CONV_VER(...
Compiling module fifo_generator_v13_2_7.fifo_generator_vlog_beh(C_COMMON...
Compiling module axi_data_fifo_v2_1_25.axi_data_fifo_v2_1_25_fifo_gen(C...
Compiling module axi_data_fifo_v2_1_25.axi_data_fifo_v2_1_25_axic_fifo(...
Compiling module axi_dwidth_converter_v2_1_26.axi_dwidth_converter_v2_1_26_a_d...
Compiling module axi_dwidth_converter_v2_1_26.axi_dwidth_converter_v2_1_26_w_d...
Compiling module axi_dwidth_converter_v2_1_26.axi_dwidth_converter_v2_1_26_b_d...
Compiling module axi_dwidth_converter_v2_1_26.axi_dwidth_converter_v2_1_26_axi...
Compiling module fifo_generator_v13_2_7.fifo_generator_v13_2_7_bhv_ver_s...
Compiling module fifo_generator_v13_2_7.fifo_generator_v13_2_7_bhv_ver_p...
Compiling module fifo_generator_v13_2_7.fifo_generator_v13_2_7_CONV_VER(...
Compiling module fifo_generator_v13_2_7.fifo_generator_vlog_beh(C_COMMON...
Compiling module axi_data_fifo_v2_1_25.axi_data_fifo_v2_1_25_fifo_gen(C...
Compiling module axi_data_fifo_v2_1_25.axi_data_fifo_v2_1_25_axic_fifo(...
Compiling module axi_protocol_converter_v2_1_26.axi_protocol_converter_v2_1_26_a...
Compiling module axi_protocol_converter_v2_1_26.axi_protocol_converter_v2_1_26_w...
Compiling module axi_protocol_converter_v2_1_26.axi_protocol_converter_v2_1_26_b...
Compiling module axi_protocol_converter_v2_1_26.axi_protocol_converter_v2_1_26_a...
Compiling module axi_protocol_converter_v2_1_26.axi_protocol_converter_v2_1_26_a...
Compiling module axi_dwidth_converter_v2_1_26.axi_dwidth_converter_v2_1_26_top...
Compiling module xil_defaultlib.axi_dma_auto_ds_1
Compiling module axi_protocol_converter_v2_1_26.axi_protocol_converter_v2_1_26_a...
Compiling module axi_protocol_converter_v2_1_26.axi_protocol_converter_v2_1_26_w...
Compiling module axi_protocol_converter_v2_1_26.axi_protocol_converter_v2_1_26_a...
Compiling module axi_protocol_converter_v2_1_26.axi_protocol_converter_v2_1_26_a...
Compiling module xil_defaultlib.axi_dma_auto_pc_2
Compiling module xil_defaultlib.s00_couplers_imp_3GTJVW
Compiling module xil_defaultlib.axi_dma_axi_mem_intercon_1_0
Compiling module axis_infrastructure_v1_1_0.axis_infrastructure_v1_1_0_util_...
Compiling module axis_infrastructure_v1_1_0.axis_infrastructure_v1_1_0_util_...
Compiling module axis_infrastructure_v1_1_0.axis_infrastructure_v1_1_0_util_...
Compiling module xpm.xpm_cdc_sync_rst(INIT=0,INIT_SYN...
Compiling module xpm.xpm_fifo_rst(CDC_DEST_SYNC_FF=3)
Compiling module xpm.xpm_counter_updn(COUNTER_WIDTH=1...
Compiling module xpm.xpm_counter_updn(COUNTER_WIDTH=9...
Compiling module xpm.xpm_memory_base(MEMORY_TYPE=1,ME...
Compiling module xpm.xpm_fifo_base(FIFO_WRITE_DEPTH=5...
Compiling module xpm.xpm_fifo_axis(FIFO_DEPTH=512,TDA...
Compiling module axis_data_fifo_v2_0_8.axis_data_fifo_v2_0_8_top(C_FAMI...
Compiling module xil_defaultlib.axi_dma_axis_data_fifo_0_0
Compiling module processing_system7_vip_v1_0_14.processing_system7_vip_v1_0_14_g...
Compiling module processing_system7_vip_v1_0_14.processing_system7_vip_v1_0_14_g...
Compiling module processing_system7_vip_v1_0_14.processing_system7_vip_v1_0_14_a...
Compiling module processing_system7_vip_v1_0_14.processing_system7_vip_v1_0_14_a...
Compiling module processing_system7_vip_v1_0_14.processing_system7_vip_v1_0_14_f...
Compiling module processing_system7_vip_v1_0_14.processing_system7_vip_v1_0_14_a...
Compiling module processing_system7_vip_v1_0_14.processing_system7_vip_v1_0_14_a...
Compiling module processing_system7_vip_v1_0_14.processing_system7_vip_v1_0_14_a...
Compiling module processing_system7_vip_v1_0_14.processing_system7_vip_v1_0_14_a...
Compiling module processing_system7_vip_v1_0_14.processing_system7_vip_v1_0_14_s...
Compiling module processing_system7_vip_v1_0_14.processing_system7_vip_v1_0_14_i...
Compiling module processing_system7_vip_v1_0_14.processing_system7_vip_v1_0_14_s...
Compiling module processing_system7_vip_v1_0_14.processing_system7_vip_v1_0_14_d...
Compiling module processing_system7_vip_v1_0_14.processing_system7_vip_v1_0_14_o...
Compiling module processing_system7_vip_v1_0_14.processing_system7_vip_v1_0_14_o...
Compiling module processing_system7_vip_v1_0_14.processing_system7_vip_v1_0_14_r...
Compiling module processing_system7_vip_v1_0_14.processing_system7_vip_v1_0_14_r...
Compiling module xilinx_vip.axi_vip_axi4pc(WDATA_WIDTH=32,RD...
Compiling module xilinx_vip.cb
Compiling module xilinx_vip.axi_vip_if(C_AXI_PROTOCOL=1,C_AX...
Compiling module axi_vip_v1_1_12.axi_vip_v1_1_12_top(C_AXI_PROTOC...
Compiling module processing_system7_vip_v1_0_14.processing_system7_vip_v1_0_14_a...
Compiling module processing_system7_vip_v1_0_14.processing_system7_vip_v1_0_14_a...
Compiling module xilinx_vip.axi_vip_axi4pc(WDATA_WIDTH=32,RD...
Compiling module xilinx_vip.cb
Compiling module xilinx_vip.axi_vip_if(C_AXI_PROTOCOL=1,C_AX...
Compiling module axi_vip_v1_1_12.axi_vip_v1_1_12_top(C_AXI_PROTOC...
WARNING: [VRFC 10-3705] select index 64 into 'wrp_strb' is out of bounds [/wrk/ci/prod/2022.1/sw/continuous/2573/packages/customer/vivado/data/ip/xilinx/processing_system7_vip_v1_0/hdl/processing_system7_vip_v1_0_vl_rfs.sv:6134]
Compiling module processing_system7_vip_v1_0_14.processing_system7_vip_v1_0_14_a...
Compiling module processing_system7_vip_v1_0_14.processing_system7_vip_v1_0_14_a...
Compiling module xilinx_vip.axi_vip_axi4pc(PROTOCOL=1,RID_WI...
Compiling module xilinx_vip.cb
Compiling module xilinx_vip.axi_vip_if(C_AXI_PROTOCOL=1,C_AX...
Compiling module axi_vip_v1_1_12.axi_vip_v1_1_12_top(C_AXI_PROTOC...
Compiling module processing_system7_vip_v1_0_14.processing_system7_vip_v1_0_14_i...
WARNING: [VRFC 10-3705] select index 128 into 'wrp_strb' is out of bounds [/wrk/ci/prod/2022.1/sw/continuous/2573/packages/customer/vivado/data/ip/xilinx/processing_system7_vip_v1_0/hdl/processing_system7_vip_v1_0_vl_rfs.sv:10898]
Compiling module processing_system7_vip_v1_0_14.processing_system7_vip_v1_0_14_a...
Compiling module processing_system7_vip_v1_0_14.processing_system7_vip_v1_0_14_a...
Compiling module processing_system7_vip_v1_0_14.processing_system7_vip_v1_0_14_a...
Compiling module processing_system7_vip_v1_0_14.processing_system7_vip_v1_0_14_a...
Compiling module xilinx_vip.axi_vip_axi4pc(PROTOCOL=1,RID_WI...
Compiling module xilinx_vip.cb
Compiling module xilinx_vip.axi_vip_if(C_AXI_PROTOCOL=1,C_AX...
Compiling module axi_vip_v1_1_12.axi_vip_v1_1_12_top(C_AXI_PROTOC...
WARNING: [VRFC 10-3705] select index 128 into 'wrp_strb' is out of bounds [/wrk/ci/prod/2022.1/sw/continuous/2573/packages/customer/vivado/data/ip/xilinx/processing_system7_vip_v1_0/hdl/processing_system7_vip_v1_0_vl_rfs.sv:7772]
WARNING: [VRFC 10-3705] select index 4 into 'wr_fifo_rd_ptr' is out of bounds [/wrk/ci/prod/2022.1/sw/continuous/2573/packages/customer/vivado/data/ip/xilinx/processing_system7_vip_v1_0/hdl/processing_system7_vip_v1_0_vl_rfs.sv:7985]
WARNING: [VRFC 10-3705] select index 4 into 'ar_cnt' is out of bounds [/wrk/ci/prod/2022.1/sw/continuous/2573/packages/customer/vivado/data/ip/xilinx/processing_system7_vip_v1_0/hdl/processing_system7_vip_v1_0_vl_rfs.sv:8124]
WARNING: [VRFC 10-3705] select index 4 into 'wr_rresp_cnt' is out of bounds [/wrk/ci/prod/2022.1/sw/continuous/2573/packages/customer/vivado/data/ip/xilinx/processing_system7_vip_v1_0/hdl/processing_system7_vip_v1_0_vl_rfs.sv:8221]
WARNING: [VRFC 10-3705] select index 4 into 'rd_fifo_wr_ptr' is out of bounds [/wrk/ci/prod/2022.1/sw/continuous/2573/packages/customer/vivado/data/ip/xilinx/processing_system7_vip_v1_0/hdl/processing_system7_vip_v1_0_vl_rfs.sv:8240]
WARNING: [VRFC 10-3705] select index 4 into 'rd_cnt' is out of bounds [/wrk/ci/prod/2022.1/sw/continuous/2573/packages/customer/vivado/data/ip/xilinx/processing_system7_vip_v1_0/hdl/processing_system7_vip_v1_0_vl_rfs.sv:8381]
WARNING: [VRFC 10-3705] select index 4 into 'rresp_time_cnt' is out of bounds [/wrk/ci/prod/2022.1/sw/continuous/2573/packages/customer/vivado/data/ip/xilinx/processing_system7_vip_v1_0/hdl/processing_system7_vip_v1_0_vl_rfs.sv:8386]
WARNING: [VRFC 10-3705] select index 4 into 'rd_fifo_rd_ptr' is out of bounds [/wrk/ci/prod/2022.1/sw/continuous/2573/packages/customer/vivado/data/ip/xilinx/processing_system7_vip_v1_0/hdl/processing_system7_vip_v1_0_vl_rfs.sv:8391]
Compiling module processing_system7_vip_v1_0_14.processing_system7_vip_v1_0_14_a...
Compiling module processing_system7_vip_v1_0_14.processing_system7_vip_v1_0_14(C...
Compiling module xil_defaultlib.axi_dma_processing_system7_0_0
Compiling module axi_infrastructure_v1_1_0.axi_infrastructure_v1_1_0_axi2ve...
Compiling module axi_infrastructure_v1_1_0.axi_infrastructure_v1_1_0_vector...
Compiling module axi_register_slice_v2_1_26.axi_register_slice_v2_1_26_axic_...
Compiling module axi_register_slice_v2_1_26.axi_register_slice_v2_1_26_axic_...
Compiling module axi_register_slice_v2_1_26.axi_register_slice_v2_1_26_axic_...
Compiling module axi_register_slice_v2_1_26.axi_register_slice_v2_1_26_axic_...
Compiling module axi_register_slice_v2_1_26.axi_register_slice_v2_1_26_axi_r...
Compiling module axi_protocol_converter_v2_1_26.axi_protocol_converter_v2_1_26_b...
Compiling module axi_protocol_converter_v2_1_26.axi_protocol_converter_v2_1_26_b...
Compiling module axi_protocol_converter_v2_1_26.axi_protocol_converter_v2_1_26_b...
Compiling module axi_protocol_converter_v2_1_26.axi_protocol_converter_v2_1_26_b...
Compiling module axi_protocol_converter_v2_1_26.axi_protocol_converter_v2_1_26_b...
Compiling module axi_protocol_converter_v2_1_26.axi_protocol_converter_v2_1_26_b...
Compiling module axi_protocol_converter_v2_1_26.axi_protocol_converter_v2_1_26_b...
Compiling module axi_protocol_converter_v2_1_26.axi_protocol_converter_v2_1_26_b...
Compiling module axi_protocol_converter_v2_1_26.axi_protocol_converter_v2_1_26_b...
Compiling module axi_protocol_converter_v2_1_26.axi_protocol_converter_v2_1_26_b...
Compiling module axi_protocol_converter_v2_1_26.axi_protocol_converter_v2_1_26_b...
Compiling module axi_protocol_converter_v2_1_26.axi_protocol_converter_v2_1_26_b...
Compiling module axi_protocol_converter_v2_1_26.axi_protocol_converter_v2_1_26_b...
Compiling module axi_infrastructure_v1_1_0.axi_infrastructure_v1_1_0_axi2ve...
Compiling module axi_infrastructure_v1_1_0.axi_infrastructure_v1_1_0_vector...
Compiling module axi_register_slice_v2_1_26.axi_register_slice_v2_1_26_axic_...
Compiling module axi_register_slice_v2_1_26.axi_register_slice_v2_1_26_axic_...
Compiling module axi_register_slice_v2_1_26.axi_register_slice_v2_1_26_axic_...
Compiling module axi_register_slice_v2_1_26.axi_register_slice_v2_1_26_axic_...
Compiling module axi_register_slice_v2_1_26.axi_register_slice_v2_1_26_axi_r...
Compiling module axi_protocol_converter_v2_1_26.axi_protocol_converter_v2_1_26_b...
Compiling module axi_protocol_converter_v2_1_26.axi_protocol_converter_v2_1_26_a...
Compiling module xil_defaultlib.axi_dma_auto_pc_0
Compiling module xil_defaultlib.s00_couplers_imp_1Q0QA18
Compiling module xil_defaultlib.axi_dma_ps7_0_axi_periph_0
Compiling architecture fdre_v of entity unisim.FDRE [\FDRE(init='1')\]
Compiling architecture implementation of entity lib_cdc_v1_0_2.cdc_sync [\cdc_sync(c_vector_width=2,c_mtb...]
Compiling architecture srl16e_v of entity unisim.SRL16E [\SRL16E(init="1111111111111111")...]
Compiling architecture srl16_v of entity unisim.SRL16 [\SRL16(init="1111111111111111")(...]
Compiling architecture imp of entity proc_sys_reset_v5_0_13.lpf [\lpf(c_ext_rst_width=4,c_aux_rst...]
Compiling architecture imp of entity proc_sys_reset_v5_0_13.upcnt_n [\upcnt_n(c_size=6)\]
Compiling architecture imp of entity proc_sys_reset_v5_0_13.sequence_psr [sequence_psr_default]
Compiling architecture imp of entity proc_sys_reset_v5_0_13.proc_sys_reset [\proc_sys_reset(c_family="zynq",...]
Compiling architecture axi_dma_rst_ps7_0_100m_0_arch of entity xil_defaultlib.axi_dma_rst_ps7_0_100M_0 [axi_dma_rst_ps7_0_100m_0_default]
Compiling module xil_defaultlib.axi_dma
Compiling module xil_defaultlib.axi_dma_wrapper
Compiling module xil_defaultlib.glbl
Built simulation snapshot axi_dma_wrapper_behav
